Log file open, 09/21/17 17:15:14
LogInit:Display: Running engine for game: TD_Game
LogPlatformFile: Not using cached read wrapper
LogInit:Display: RandInit(129856944) SRandInit(129856945).
LogTaskGraph: Started task graph with 5 named threads and 8 total threads with 1 sets of task threads.
LogStats: Stats thread started at 3.119165
LogInit: Using libcurl 7.47.1
LogInit:  - built for x86_64-pc-win32
LogInit:  - supports SSL with OpenSSL/1.0.2g
LogInit:  - supports HTTP deflate (compression) using libz 1.2.8
LogInit:  - other features:
LogInit:      CURL_VERSION_SSL
LogInit:      CURL_VERSION_LIBZ
LogInit:      CURL_VERSION_IPV6
LogInit:      CURL_VERSION_ASYNCHDNS
LogInit:      CURL_VERSION_LARGEFILE
LogInit:      CURL_VERSION_IDN
LogInit:  CurlRequestOptions (configurable via config and command line):
LogInit:  - bVerifyPeer = false  - Libcurl will NOT verify peer certificate
LogInit:  - bUseHttpProxy = false  - Libcurl will NOT use HTTP proxy
LogInit:  - bDontReuseConnections = false  - Libcurl will reuse connections
LogInit:  - CertBundlePath = nullptr  - Libcurl will use whatever was configured at build time.
LogInit: Build: ++UE4+Release-4.16-CL-3514769
LogInit: Engine Version: 4.16.2-3514769+++UE4+Release-4.16
LogInit: Compatible Engine Version: 4.16.0-3452394+++UE4+Release-4.16
LogInit: Net CL: 3452394
LogDevObjectVersion: Number of dev versions registered: 16
LogDevObjectVersion:   Dev-Blueprints (B0D832E4-1F89-4F0D-ACCF-7EB736FD4AA2): 9
LogDevObjectVersion:   Dev-Build (E1C64328-A22C-4D53-A36C-8E866417BD8C): 0
LogDevObjectVersion:   Dev-Core (375EC13C-06E4-48FB-B500-84F0262A717E): 2
LogDevObjectVersion:   Dev-Editor (E4B068ED-F494-42E9-A231-DA0B2E46BB41): 17
LogDevObjectVersion:   Dev-Framework (CFFC743F-43B0-4480-9391-14DF171D2073): 23
LogDevObjectVersion:   Dev-Mobile (B02B49B5-BB20-44E9-A304-32B752E40360): 0
LogDevObjectVersion:   Dev-Networking (A4E4105C-59A1-49B5-A7C5-40C4547EDFEE): 0
LogDevObjectVersion:   Dev-Online (39C831C9-5AE6-47DC-9A44-9C173E1C8E7C): 0
LogDevObjectVersion:   Dev-Physics (78F01B33-EBEA-4F98-B9B4-84EACCB95AA2): 0
LogDevObjectVersion:   Dev-Platform (6631380F-2D4D-43E0-8009-CF276956A95A): 0
LogDevObjectVersion:   Dev-Rendering (12F88B9F-8875-4AFC-A67C-D90C383ABD29): 15
LogDevObjectVersion:   Dev-Sequencer (7B5AE74C-D270-4C10-A958-57980B212A5A): 4
LogDevObjectVersion:   Dev-VR (D7296918-1DD6-4BDD-9DE2-64A83CC13884): 0
LogDevObjectVersion:   Dev-LoadTimes (C2A15278-BFE7-4AFE-6C17-90FF531DF755): 1
LogDevObjectVersion:   Private-Geometry (6EACA3D4-40EC-4CC1-B786-8BED09428FC5): 1
LogDevObjectVersion:   Dev-AnimPhys (29E575DD-E0A3-4627-9D10-D276232CDCEA): 3
LogInit: Compiled (64-bit): Jun 29 2017 02:03:24
LogInit: Compiled with Visual C++: 19.00.24215.01
LogInit: Build Configuration: Development
LogInit: Branch Name: ++UE4+Release-4.16
LogInit: Command line:  
LogInit: Base directory: D:/UE_4.16/Engine/Binaries/Win64/
LogInit: Installed Engine Build: 1
LogInit: Presizing for max 8388607 objects, including 0 objects not considered by GC, pre-allocating 0 bytes for permanent pool.
LogInit: Object subsystem initialized
[2017.09.21-21.15.15:422][  0]LogInit: Selected Device Profile: [Windows]
[2017.09.21-21.15.15:422][  0]LogInit: Applying CVar settings loaded from the selected device profile: [Windows]
[2017.09.21-21.15.15:525][  0]LogInit: Computer: DESKTOP-QASU0J3
[2017.09.21-21.15.15:525][  0]LogInit: User: Topleftstyll
[2017.09.21-21.15.15:525][  0]LogInit: CPU Page size=4096, Cores=4
[2017.09.21-21.15.15:525][  0]LogInit: High frequency timer resolution =2.742192 MHz
[2017.09.21-21.15.15:538][  0]LogMemory: Memory total: Physical=15.9GB (16GB approx)
[2017.09.21-21.15.15:538][  0]LogMemory: Platform Memory Stats for Windows
[2017.09.21-21.15.15:538][  0]LogMemory: Process Physical Memory: 275.56 MB used, 275.56 MB peak
[2017.09.21-21.15.15:538][  0]LogMemory: Process Virtual Memory: 260.91 MB used, 260.91 MB peak
[2017.09.21-21.15.15:538][  0]LogMemory: Physical Memory: 8374.28 MB used,  7872.67 MB free, 16246.95 MB total
[2017.09.21-21.15.15:538][  0]LogMemory: Virtual Memory: 643.79 MB used,  7872.67 MB free, 134217728.00 MB total
[2017.09.21-21.15.16:655][  0]LogInit: Using OS detected language (en-US).
[2017.09.21-21.15.16:655][  0]LogInit: Using OS detected locale (en-US).
[2017.09.21-21.15.16:871][  0]LogTextLocalizationManager: No specific localization for 'en-US' exists, so the 'en' localization will be used.
[2017.09.21-21.15.21:519][  0]LogD3D11RHI: D3D11 adapters:
[2017.09.21-21.15.22:285][  0]LogD3D11RHI:    0. 'NVIDIA GeForce GTX 1070' (Feature Level 11_0)
[2017.09.21-21.15.22:285][  0]LogD3D11RHI:       8113/0/8123 MB DedicatedVideo/DedicatedSystem/SharedSystem, Outputs:1, VendorId:0x10de
[2017.09.21-21.15.22:293][  0]LogD3D11RHI:    1. 'Intel(R) HD Graphics 630' (Feature Level 11_0)
[2017.09.21-21.15.22:293][  0]LogD3D11RHI:       128/0/8123 MB DedicatedVideo/DedicatedSystem/SharedSystem, Outputs:0, VendorId:0x8086
[2017.09.21-21.15.22:295][  0]LogD3D11RHI:    2. 'Microsoft Basic Render Driver' (Feature Level 11_0)
[2017.09.21-21.15.22:295][  0]LogD3D11RHI:       0/0/8123 MB DedicatedVideo/DedicatedSystem/SharedSystem, Outputs:0, VendorId:0x1414
[2017.09.21-21.15.22:295][  0]LogD3D11RHI: Chosen D3D11 Adapter: 0
[2017.09.21-21.15.22:315][  0]LogD3D11RHI: Creating new Direct3DDevice
[2017.09.21-21.15.22:315][  0]LogD3D11RHI:     GPU DeviceId: 0x1ba1 (for the marketing name, search the web for "GPU Device Id")
[2017.09.21-21.15.22:315][  0]LogWindows: EnumDisplayDevices:
[2017.09.21-21.15.22:315][  0]LogWindows:    0. 'Intel(R) HD Graphics 630' (P:1 D:1)
[2017.09.21-21.15.22:315][  0]LogWindows:    1. 'Intel(R) HD Graphics 630' (P:0 D:0)
[2017.09.21-21.15.22:316][  0]LogWindows:    2. 'Intel(R) HD Graphics 630' (P:0 D:0)
[2017.09.21-21.15.22:316][  0]LogWindows:    3. 'NVIDIA GeForce GTX 1070' (P:0 D:0)
[2017.09.21-21.15.22:316][  0]LogWindows:    4. 'NVIDIA GeForce GTX 1070' (P:0 D:0)
[2017.09.21-21.15.22:316][  0]LogWindows:    5. 'NVIDIA GeForce GTX 1070' (P:0 D:0)
[2017.09.21-21.15.22:316][  0]LogWindows:    6. 'NVIDIA GeForce GTX 1070' (P:0 D:0)
[2017.09.21-21.15.22:317][  0]LogWindows: DebugString: PrimaryIsNotTheChoosenAdapter PrimaryIsNotTheChoosenAdapter PrimaryIsNotTheChoosenAdapter FoundDriverCount:4 
[2017.09.21-21.15.22:317][  0]LogD3D11RHI:     Adapter Name: NVIDIA GeForce GTX 1070
[2017.09.21-21.15.22:317][  0]LogD3D11RHI:   Driver Version: 382.05 (internal:22.21.13.8205, unified:382.05)
[2017.09.21-21.15.22:317][  0]LogD3D11RHI:      Driver Date: 5-1-2017
[2017.09.21-21.15.22:317][  0]LogRHI: Texture pool is 1361 MB (70% of 1945 MB)
[2017.09.21-21.15.23:106][  0]LogD3D11RHI: Async texture creation enabled
[2017.09.21-21.15.23:434][  0]LogD3D11RHI: GPU Timing Frequency: 1000.000000 (Debug: 2 1)
[2017.09.21-21.15.23:586][  0]LogShaderCompilers: Guid format shader working directory is 8 characters bigger than the processId version (../../../../GameDev/_Projects/Unreal/TD_Game/Intermediate/Shaders/WorkingDirectory/17168/).
[2017.09.21-21.15.23:586][  0]LogShaderCompilers: Cleaned the shader compiler working directory 'C:/Users/Topleftstyll/AppData/Local/Temp/UnrealShaderWorkingDir/DF9C12404388A168959D3896DE198C80/'.
[2017.09.21-21.15.23:607][  0]LogShaderCompilers:Display: Using Local Shader Compiler.
[2017.09.21-21.15.27:425][  0]LogTemp:Display: Loaded TP AllDesktopTargetPlatform
[2017.09.21-21.15.27:470][  0]LogTemp:Display: Loaded TP MacClientTargetPlatform
[2017.09.21-21.15.27:517][  0]LogTemp:Display: Loaded TP MacNoEditorTargetPlatform
[2017.09.21-21.15.27:563][  0]LogTemp:Display: Loaded TP MacServerTargetPlatform
[2017.09.21-21.15.27:621][  0]LogTemp:Display: Loaded TP MacTargetPlatform
[2017.09.21-21.15.27:664][  0]LogTemp:Display: Loaded TP WindowsClientTargetPlatform
[2017.09.21-21.15.27:711][  0]LogTemp:Display: Loaded TP WindowsNoEditorTargetPlatform
[2017.09.21-21.15.27:757][  0]LogTemp:Display: Loaded TP WindowsServerTargetPlatform
[2017.09.21-21.15.27:801][  0]LogTemp:Display: Loaded TP WindowsTargetPlatform
[2017.09.21-21.15.27:879][  0]LogTemp:Display: Loaded TP AndroidTargetPlatform
[2017.09.21-21.15.27:918][  0]LogTemp:Display: Loaded TP Android_ASTCTargetPlatform
[2017.09.21-21.15.27:963][  0]LogTemp:Display: Loaded TP Android_ATCTargetPlatform
[2017.09.21-21.15.28:001][  0]LogTemp:Display: Loaded TP Android_DXTTargetPlatform
[2017.09.21-21.15.28:041][  0]LogTemp:Display: Loaded TP Android_ETC1TargetPlatform
[2017.09.21-21.15.28:083][  0]LogTemp:Display: Loaded TP Android_ETC2TargetPlatform
[2017.09.21-21.15.28:174][  0]LogTemp:Display: Loaded TP Android_MultiTargetPlatform
[2017.09.21-21.15.28:174][  0]LogTemp:Display: Loaded TP Android_PVRTCTargetPlatform
[2017.09.21-21.15.28:204][  0]LogTemp:Display: Loaded TP HTML5TargetPlatform
[2017.09.21-21.15.28:394][  0]LogTemp:Display: Loaded TP IOSTargetPlatform
[2017.09.21-21.15.28:418][  0]LogTemp:Display: Loaded TP TVOSTargetPlatform
[2017.09.21-21.15.28:462][  0]LogTemp:Display: Loaded TP LinuxClientTargetPlatform
[2017.09.21-21.15.28:502][  0]LogTemp:Display: Loaded TP LinuxNoEditorTargetPlatform
[2017.09.21-21.15.28:543][  0]LogTemp:Display: Loaded TP LinuxServerTargetPlatform
[2017.09.21-21.15.28:590][  0]LogTemp:Display: Loaded TP LinuxTargetPlatform
[2017.09.21-21.15.28:590][  0]LogTargetPlatformManager:Display: Building Assets For Windows
[2017.09.21-21.15.29:873][  0]LogDerivedDataCache:Display: Max Cache Size: 512 MB
[2017.09.21-21.15.30:438][  0]LogDerivedDataCache: Loaded boot cache 0.56s 90MB C:/Users/Topleftstyll/AppData/Local/UnrealEngine/4.16/DerivedDataCache/Boot.ddc.
[2017.09.21-21.15.30:438][  0]LogDerivedDataCache:Display: Loaded Boot cache: C:/Users/Topleftstyll/AppData/Local/UnrealEngine/4.16/DerivedDataCache/Boot.ddc
[2017.09.21-21.15.30:438][  0]LogDerivedDataCache: FDerivedDataBackendGraph:  Pak pak cache file ../../../../GameDev/_Projects/Unreal/TD_Game/DerivedDataCache/DDC.ddp not found, will not use a pak cache.
[2017.09.21-21.15.30:438][  0]LogDerivedDataCache: Unable to find inner node Pak for hierarchical cache Hierarchy.
[2017.09.21-21.15.30:438][  0]LogDerivedDataCache: FDerivedDataBackendGraph:  CompressedPak pak cache file ../../../../GameDev/_Projects/Unreal/TD_Game/DerivedDataCache/Compressed.ddp not found, will not use a pak cache.
[2017.09.21-21.15.30:438][  0]LogDerivedDataCache: Unable to find inner node CompressedPak for hierarchical cache Hierarchy.
[2017.09.21-21.15.30:527][  0]LogDerivedDataCache:Display: Pak cache opened for reading ../../../Engine/DerivedDataCache/Compressed.ddp.
[2017.09.21-21.15.30:538][  0]LogDerivedDataCache: Using Local data cache path C:/Users/Topleftstyll/AppData/Local/UnrealEngine/Common/DerivedDataCache: Writable
[2017.09.21-21.15.30:670][  0]LogMaterial: Verifying Global Shaders for PCD3D_SM5
[2017.09.21-21.15.30:721][  0]LogSlate: Using Freetype 2.6.0
[2017.09.21-21.15.30:861][  0]LogSlate: SlateFontCache - WITH_FREETYPE: 1, WITH_HARFBUZZ: 1
[2017.09.21-21.15.30:861][  0]LogSlate: SlateFontCache - WITH_FREETYPE: 1, WITH_HARFBUZZ: 1
[2017.09.21-21.15.41:187][  0]LogInit: Selected Device Profile: [Windows]
[2017.09.21-21.15.42:430][  0]LogContentStreaming: Texture pool size is 0.00 MB
[2017.09.21-21.15.43:179][  0]LogMeshUtilities: Using QuadricMeshReduction for automatic static mesh reduction
[2017.09.21-21.15.43:354][  0]LogSimplygon: Simplygon DLL not present - disabling.
[2017.09.21-21.15.43:427][  0]LogMeshUtilities: Using SimplygonSwarm for distributed automatic mesh merging
[2017.09.21-21.15.43:427][  0]LogMeshUtilities: No automatic skeletal mesh reduction module available
[2017.09.21-21.15.43:427][  0]LogMeshUtilities: No automatic mesh merging module available
[2017.09.21-21.15.49:248][  0]LogNetVersion: TD_Game , NetCL: 3452394, EngineNetVer: 2, GameNetVer: 0 (Checksum: 4232742924)
[2017.09.21-21.15.49:604][  0]LogAssetRegistry: FAssetRegistry took 0.0353 seconds to start up
[2017.09.21-21.15.50:068][  0]LogPackageLocalizationCache: Processed 4 localized package path(s) for 2 prioritized culture(s) in 0.356765 seconds
[2017.09.21-21.15.50:119][  0]LogUObjectArray: 34194 objects as part of root set at end of initial load.
[2017.09.21-21.15.50:119][  0]LogUObjectAllocator: 7260424 out of 0 bytes used by permanent object pool.
[2017.09.21-21.15.50:119][  0]LogUObjectArray: CloseDisregardForGC: 0/0 objects in disregard for GC pool
[2017.09.21-21.15.50:227][  0]LogInit: WinSock: version 1.1 (2.2), MaxSocks=32767, MaxUdp=65467
[2017.09.21-21.16.03:759][  0]LogTcpMessaging: Initializing TcpMessaging bridge
[2017.09.21-21.16.03:819][  0]LogUdpMessaging: Initializing bridge on interface 0.0.0.0:0 to multicast group 230.0.0.1:6666.
[2017.09.21-21.16.05:240][  0]LogMaterial: Uniform references updated for custom material expression Custom.
[2017.09.21-21.16.06:024][  0]SourceControl: Info Source control is disabled
[2017.09.21-21.16.06:059][  0]SourceControl: Info Source control is disabled
[2017.09.21-21.16.06:154][  0]SourceControl: Info Source control is disabled
[2017.09.21-21.16.06:226][  0]SourceControl: Info Source control is disabled
[2017.09.21-21.16.07:449][  0]LogAndroidPermission: UAndroidPermissionCallbackProxy::GetInstance
[2017.09.21-21.16.08:624][  0]LogEngine: Initializing Engine...
[2017.09.21-21.16.08:666][  0]LogHMD: Failed to initialize OpenVR with code 110
[2017.09.21-21.16.09:427][  0]LogStats: UGameplayTagsManager::ConstructGameplayTagTree: Construct from data asset -  0.000 s
[2017.09.21-21.16.09:427][  0]LogStats: UGameplayTagsManager::ConstructGameplayTagTree: GameplayTagTreeChangedEvent.Broadcast -  0.000 s
[2017.09.21-21.16.10:030][  0]LogAIModule: Creating AISystem for world Untitled
[2017.09.21-21.16.10:343][  0]LogInit: XAudio2 using 'Speakers / Headphones (Realtek Audio)' : 6 channels at 48 kHz using 32 bits per sample (channel mask 0x3f)
[2017.09.21-21.16.10:399][  0]LogInit: FAudioDevice initialized.
[2017.09.21-21.16.10:466][  0]LogDerivedDataCache: Saved boot cache 0.06s 90MB C:/Users/Topleftstyll/AppData/Local/UnrealEngine/4.16/DerivedDataCache/Boot.ddc.
[2017.09.21-21.16.10:485][  0]LogInit: Texture streaming: Enabled
[2017.09.21-21.16.10:669][  0]LogEngineSessionManager: EngineSessionManager initialized
[2017.09.21-21.16.11:340][  0]LogInit: Transaction tracking system initialized
[2017.09.21-21.16.11:904][  0]BlueprintLog: New page: Editor Load
[2017.09.21-21.16.13:930][  0]LocalizationService: Info Localization service is disabled
[2017.09.21-21.16.15:108][  0]LogConsoleResponse:Display: 
[2017.09.21-21.16.17:483][  0]LogFileCache: Scanning file cache for directory 'D:/GameDev/_Projects/Unreal/TD_Game/Content/' took 0.07s
[2017.09.21-21.16.17:483][  0]LogCook:Display: Max memory allowance for cook 16384mb min free memory 0mb
[2017.09.21-21.16.17:483][  0]LogCook:Display: Mobile HDR setting 1
[2017.09.21-21.16.20:139][  0]SourceControl: Info Source control is disabled
[2017.09.21-21.16.20:177][  0]Cmd: MAP LOAD FILE="../../../../GameDev/_Projects/Unreal/TD_Game/Content/Maps/StartScreen.umap" TEMPLATE=0 SHOWPROGRESS=1 FEATURELEVEL=3
[2017.09.21-21.16.20:212][  0]LightingResults: New page: Lighting Build
[2017.09.21-21.16.20:612][  0]MapCheck: New page: Map Check
[2017.09.21-21.16.20:612][  0]LightingResults: New page: Lighting Build
[2017.09.21-21.16.21:960][  0]LogAIModule: Creating AISystem for world StartScreen
[2017.09.21-21.16.22:094][  0]LogEditorServer: Finished looking for orphan Actors (0.000 secs)
[2017.09.21-21.16.22:257][  0]Cmd: MAP CHECKDEP NOCLEARLOG
[2017.09.21-21.16.22:297][  0]MapCheck: Info Map check complete: 0 Error(s), 0 Warning(s), took 40.7ms to complete.
[2017.09.21-21.16.22:297][  0]LogFileHelpers: Loading map 'StartScreen' took 2.144
[2017.09.21-21.16.25:045][  0]LogCollectionManager: Loaded 0 collections in 0.001026 seconds
[2017.09.21-21.16.25:240][  0]LogFileCache: Scanning file cache for directory 'D:/GameDev/_Projects/Unreal/TD_Game/Saved/Collections/' took 0.01s
[2017.09.21-21.16.25:240][  0]LogFileCache: Scanning file cache for directory 'D:/GameDev/_Projects/Unreal/TD_Game/Content/Developers/Topleftstyll/Collections/' took 0.01s
[2017.09.21-21.16.25:240][  0]LogFileCache: Scanning file cache for directory 'D:/GameDev/_Projects/Unreal/TD_Game/Content/Collections/' took 0.01s
[2017.09.21-21.16.25:240][  0]LogCollectionManager: Rebuilt the GUID cache for 0 collections in 0.000002 seconds
[2017.09.21-21.16.25:283][  0]LogContentBrowser: Native class hierarchy populated in 0.0256 seconds. Added 2331 classes and 495 folders.
[2017.09.21-21.16.25:454][  0]LogContentBrowser: Native class hierarchy updated for 'WidgetCarousel' in 0.0012 seconds. Added 0 classes and 0 folders.
[2017.09.21-21.16.26:725][  0]LogContentBrowser: Native class hierarchy updated for 'AddContentDialog' in 0.0017 seconds. Added 0 classes and 0 folders.
[2017.09.21-21.16.26:791][  0]LogCrashTracker: Crashtracker disabled due to settings.
[2017.09.21-21.16.27:066][  0]LogSlate: Took 0.069380 seconds to synchronously load lazily loaded font '../../../Engine/Content/Slate/Fonts/Roboto-Regular.ttf' (155K)
[2017.09.21-21.16.27:077][  0]LogSlate: Took 0.006016 seconds to synchronously load lazily loaded font '../../../Engine/Content/Slate/Fonts/Roboto-Bold.ttf' (160K)
[2017.09.21-21.16.27:232][  0]LogSlate: Took 0.014763 seconds to synchronously load lazily loaded font '../../../Engine/Content/Editor/Slate/Fonts/FontAwesome.ttf' (139K)
[2017.09.21-21.16.27:961][  0]LogRenderer: Reallocating scene render targets to support 1104x652 NumSamples 1 (Frame:1).
[2017.09.21-21.16.28:742][  0]LogUObjectGlobals:Warning: Failed to find object 'Class None.'
[2017.09.21-21.16.28:924][  0]LogContentBrowser: Native class hierarchy updated for 'HierarchicalLODOutliner' in 0.0020 seconds. Added 1 classes and 2 folders.
[2017.09.21-21.16.28:925][  0]LogLoad: (Engine Initialization) Total time: 85.67 seconds
[2017.09.21-21.16.28:925][  0]LogLoad: (Engine Initialization) Total Blueprint compile time: 0.86 seconds
[2017.09.21-21.16.28:925][  0]LogExternalProfiler: Found external profiler: VSPerf
[2017.09.21-21.16.28:925][  0]LogExternalProfiler: Using external profiler: VSPerf
[2017.09.21-21.16.29:364][  0]LogOcInput: OculusInput pre-init called
[2017.09.21-21.16.29:373][  0]LogHMD: Starting GearVRController plugin
[2017.09.21-21.16.29:747][  0]LogContentStreaming: Texture pool size now 1000 MB
[2017.09.21-21.16.29:989][  0]LogSlate: Took 0.023211 seconds to synchronously load lazily loaded font '../../../Engine/Content/Slate/Fonts/Roboto-Light.ttf' (159K)
[2017.09.21-21.16.30:484][  2]LogSlate: Took 0.000285 seconds to synchronously load lazily loaded font '../../../Engine/Content/Slate/Fonts/Roboto-Light.ttf' (159K)
[2017.09.21-21.16.30:782][  3]LogAssetRegistry: Asset discovery search completed in 41.2009 seconds
[2017.09.21-21.16.30:893][  3]LogCollectionManager: Rebuilt the object cache for 0 collections in 0.000000 seconds (found 0 objects)
[2017.09.21-21.16.30:893][  3]LogCollectionManager: Fixed up redirectors for 0 collections in 0.000377 seconds (updated 0 objects)
[2017.09.21-21.18.25:301][489]LogSlate: Took 0.000168 seconds to synchronously load lazily loaded font '../../../Engine/Content/Slate/Fonts/Roboto-Light.ttf' (159K)
[2017.09.21-21.18.26:031][489]LogSlate: Took 0.000170 seconds to synchronously load lazily loaded font '../../../Engine/Content/Slate/Fonts/Roboto-Regular.ttf' (155K)
[2017.09.21-21.18.26:473][489]LogContentBrowser: Native class hierarchy updated for 'BlueprintGraph' in 0.0015 seconds. Added 112 classes and 0 folders.
[2017.09.21-21.18.29:400][489]LogSlate: Took 0.012039 seconds to synchronously load lazily loaded font '../../../Engine/Content/Editor/Slate/Fonts/Roboto-BoldCondensed.ttf' (158K)
[2017.09.21-21.18.30:304][490]LogSlate: Took 0.022787 seconds to synchronously load lazily loaded font '../../../Engine/Content/Editor/Slate/Fonts/Roboto-Italic.ttf' (157K)
[2017.09.21-21.35.09:145][167]LogWindowsTextInputMethodSystem:Display: IME system now deactivated.
[2017.09.21-21.35.09:531][168]Cmd: QUIT_EDITOR
[2017.09.21-21.35.09:841][168]LogExit: Preparing to exit.
[2017.09.21-21.35.10:686][168]LogDirectoryWatcher: A directory notification for 'D:/GameDev/_Projects/Unreal/TD_Game/Content/' was aborted.
[2017.09.21-21.35.10:845][168]LogExit: Editor shut down
[2017.09.21-21.35.10:850][168]LogExit: Transaction tracking system shut down
[2017.09.21-21.35.12:203][168]LogObj: Freed 0b from 0 cluster array pools.
[2017.09.21-21.35.12:203][168]LogExit: Object subsystem successfully closed.
[2017.09.21-21.35.12:371][168]LogD3D11RHI: Shutdown
[2017.09.21-21.35.12:380][168]LogD3D11RHI: CleanupD3DDevice
[2017.09.21-21.35.12:479][168]LogD3D11RHI: ~FD3D11DynamicRHI
[2017.09.21-21.35.13:479][168]LogModuleManager: Shutting down and abandoning module BlueprintGraph (530)
[2017.09.21-21.35.13:488][168]LogModuleManager: Shutting down and abandoning module BlueprintProfiler (528)
[2017.09.21-21.35.13:520][168]LogModuleManager: Shutting down and abandoning module HierarchicalLODOutliner (526)
[2017.09.21-21.35.13:537][168]LogModuleManager: Shutting down and abandoning module CrashTracker (524)
[2017.09.21-21.35.13:564][168]LogModuleManager: Shutting down and abandoning module AddContentDialog (522)
[2017.09.21-21.35.13:622][168]LogDirectoryWatcher: A directory notification for 'D:/UE_4.16/FeaturePacks/' was aborted.
[2017.09.21-21.35.13:623][168]LogModuleManager: Shutting down and abandoning module WidgetCarousel (521)
[2017.09.21-21.35.13:623][168]LogModuleManager: Shutting down and abandoning module EditorWidgets (518)
[2017.09.21-21.35.13:623][168]LogModuleManager: Shutting down and abandoning module CollectionManager (516)
[2017.09.21-21.35.13:651][168]LogDirectoryWatcher: A directory notification for 'D:/GameDev/_Projects/Unreal/TD_Game/Content/Collections/' was aborted.
[2017.09.21-21.35.13:651][168]LogDirectoryWatcher: A directory notification for 'D:/GameDev/_Projects/Unreal/TD_Game/Content/Developers/Topleftstyll/Collections/' was aborted.
[2017.09.21-21.35.13:651][168]LogDirectoryWatcher: A directory notification for 'D:/GameDev/_Projects/Unreal/TD_Game/Saved/Collections/' was aborted.
[2017.09.21-21.35.13:651][168]LogModuleManager: Shutting down and abandoning module SceneOutliner (514)
[2017.09.21-21.35.13:664][168]LogModuleManager: Shutting down and abandoning module StatsViewer (512)
[2017.09.21-21.35.13:671][168]LogModuleManager: Shutting down and abandoning module FoliageEdit (510)
[2017.09.21-21.35.13:671][168]LogModuleManager: Shutting down and abandoning module LandscapeEditor (508)
[2017.09.21-21.35.13:710][168]LogModuleManager: Shutting down and abandoning module MeshPaintMode (506)
[2017.09.21-21.35.13:710][168]LogModuleManager: Shutting down and abandoning module SceneDepthPickerMode (504)
[2017.09.21-21.35.13:710][168]LogModuleManager: Shutting down and abandoning module ActorPickerMode (502)
[2017.09.21-21.35.13:711][168]LogModuleManager: Shutting down and abandoning module GeometryMode (500)
[2017.09.21-21.35.13:711][168]LogModuleManager: Shutting down and abandoning module TextureAlignMode (498)
[2017.09.21-21.35.13:711][168]LogModuleManager: Shutting down and abandoning module BspMode (496)
[2017.09.21-21.35.13:730][168]LogModuleManager: Shutting down and abandoning module HardwareSurvey (494)
[2017.09.21-21.35.13:747][168]LogModuleManager: Shutting down and abandoning module SequenceRecorderSections (492)
[2017.09.21-21.35.13:764][168]LogModuleManager: Shutting down and abandoning module AutomationWorker (490)
[2017.09.21-21.35.13:788][168]LogModuleManager: Shutting down and abandoning module MatineeToLevelSequence (488)
[2017.09.21-21.35.13:810][168]LogModuleManager: Shutting down and abandoning module LevelSequenceEditor (486)
[2017.09.21-21.35.13:916][168]LogModuleManager: Shutting down and abandoning module PlacementMode (485)
[2017.09.21-21.35.13:916][168]LogModuleManager: Shutting down and abandoning module WmfMediaFactory (482)
[2017.09.21-21.35.13:916][168]LogModuleManager: Shutting down and abandoning module WmfMediaEditor (480)
[2017.09.21-21.35.13:916][168]LogModuleManager: Shutting down and abandoning module AvfMediaFactory (478)
[2017.09.21-21.35.13:916][168]LogModuleManager: Shutting down and abandoning module AvfMediaEditor (476)
[2017.09.21-21.35.13:916][168]LogModuleManager: Shutting down and abandoning module AndroidMediaFactory (474)
[2017.09.21-21.35.13:916][168]LogModuleManager: Shutting down and abandoning module Media (473)
[2017.09.21-21.35.13:916][168]LogModuleManager: Shutting down and abandoning module AndroidMediaEditor (470)
[2017.09.21-21.35.13:916][168]LogModuleManager: Shutting down and abandoning module CharacterAI (468)
[2017.09.21-21.35.13:916][168]LogModuleManager: Shutting down and abandoning module AudioCapture (466)
[2017.09.21-21.35.13:943][168]LogModuleManager: Shutting down and abandoning module SequenceRecorder (465)
[2017.09.21-21.35.13:980][168]LogModuleManager: Shutting down and abandoning module SmartSnapping (462)
[2017.09.21-21.35.13:980][168]LogModuleManager: Shutting down and abandoning module SessionServices (460)
[2017.09.21-21.35.13:980][168]LogModuleManager: Shutting down and abandoning module ViewportSnapping (458)
[2017.09.21-21.35.13:980][168]LogModuleManager: Shutting down and abandoning module ViewportInteraction (456)
[2017.09.21-21.35.13:980][168]LogModuleManager: Shutting down and abandoning module ClothPainter (454)
[2017.09.21-21.35.14:036][168]LogModuleManager: Shutting down and abandoning module LogVisualizer (452)
[2017.09.21-21.35.14:062][168]LogModuleManager: Shutting down and abandoning module IntroTutorials (450)
[2017.09.21-21.35.14:140][168]LogModuleManager: Shutting down and abandoning module GameProjectGeneration (449)
[2017.09.21-21.35.14:167][168]LogModuleManager: Shutting down and abandoning module EditorLiveStreaming (446)
[2017.09.21-21.35.14:167][168]LogModuleManager: Shutting down and abandoning module IOSPlatformEditor (444)
[2017.09.21-21.35.14:179][168]LogModuleManager: Shutting down and abandoning module HTML5PlatformEditor (442)
[2017.09.21-21.35.14:179][168]LogModuleManager: Shutting down and abandoning module AndroidPlatformEditor (440)
[2017.09.21-21.35.14:180][168]LogModuleManager: Shutting down and abandoning module AndroidDeviceDetection (439)
[2017.09.21-21.35.14:777][168]LogModuleManager: Shutting down and abandoning module IOSRuntimeSettings (436)
[2017.09.21-21.35.14:777][168]LogModuleManager: Shutting down and abandoning module AndroidRuntimeSettings (434)
[2017.09.21-21.35.14:777][168]LogModuleManager: Shutting down and abandoning module InputBindingEditor (432)
[2017.09.21-21.35.14:822][168]LogModuleManager: Shutting down and abandoning module MergeActors (430)
[2017.09.21-21.35.14:835][168]LogModuleManager: Shutting down and abandoning module SizeMap (428)
[2017.09.21-21.35.14:835][168]LogModuleManager: Shutting down and abandoning module TreeMap (426)
[2017.09.21-21.35.14:845][168]LogModuleManager: Shutting down and abandoning module ReferenceViewer (424)
[2017.09.21-21.35.14:857][168]LogModuleManager: Shutting down and abandoning module LocalizationDashboard (422)
[2017.09.21-21.35.14:873][168]LogModuleManager: Shutting down and abandoning module LocalizationService (421)
[2017.09.21-21.35.14:883][168]LogModuleManager: Shutting down and abandoning module HardwareTargeting (418)
[2017.09.21-21.35.14:883][168]LogModuleManager: Shutting down and abandoning module DeviceProfileEditor (416)
[2017.09.21-21.35.14:890][168]LogModuleManager: Shutting down and abandoning module UndoHistory (414)
[2017.09.21-21.35.14:896][168]LogModuleManager: Shutting down and abandoning module UserFeedback (412)
[2017.09.21-21.35.14:896][168]LogModuleManager: Shutting down and abandoning module XmlParser (410)
[2017.09.21-21.35.14:903][168]LogModuleManager: Shutting down and abandoning module Blutility (408)
[2017.09.21-21.35.14:917][168]LogModuleManager: Shutting down and abandoning module ProjectSettingsViewer (406)
[2017.09.21-21.35.14:917][168]LogModuleManager: Shutting down and abandoning module ProjectTargetPlatformEditor (405)
[2017.09.21-21.35.14:927][168]LogModuleManager: Shutting down and abandoning module EditorSettingsViewer (402)
[2017.09.21-21.35.14:927][168]LogModuleManager: Shutting down and abandoning module SettingsEditor (400)
[2017.09.21-21.35.14:946][168]LogModuleManager: Shutting down and abandoning module ProjectLauncher (398)
[2017.09.21-21.35.14:957][168]LogModuleManager: Shutting down and abandoning module SessionFrontend (396)
[2017.09.21-21.35.14:963][168]LogModuleManager: Shutting down and abandoning module ProfilerClient (394)
[2017.09.21-21.35.14:975][168]LogModuleManager: Shutting down and abandoning module DeviceManager (392)
[2017.09.21-21.35.14:984][168]LogModuleManager: Shutting down and abandoning module TargetDeviceServices (391)
[2017.09.21-21.35.15:048][168]LogModuleManager: Shutting down and abandoning module AutomationController (388)
[2017.09.21-21.35.15:061][168]LogModuleManager: Shutting down and abandoning module AutomationWindow (386)
[2017.09.21-21.35.15:073][168]LogModuleManager: Shutting down and abandoning module Layers (384)
[2017.09.21-21.35.15:089][168]LogModuleManager: Shutting down and abandoning module ComponentVisualizers (382)
[2017.09.21-21.35.15:089][168]LogModuleManager: Shutting down and abandoning module DetailCustomizations (380)
[2017.09.21-21.35.15:109][168]LogModuleManager: Shutting down and abandoning module PackagesDialog (378)
[2017.09.21-21.35.15:120][168]LogModuleManager: Shutting down and abandoning module Persona (376)
[2017.09.21-21.35.15:168][168]LogModuleManager: Shutting down and abandoning module AdvancedPreviewScene (375)
[2017.09.21-21.35.15:168][168]LogModuleManager: Shutting down and abandoning module AnimGraph (373)
[2017.09.21-21.35.15:168][168]LogModuleManager: Shutting down and abandoning module Kismet (370)
[2017.09.21-21.35.15:175][168]LogModuleManager: Shutting down and abandoning module ClassViewer (368)
[2017.09.21-21.35.15:175][168]LogModuleManager: Shutting down and abandoning module Toolbox (366)
[2017.09.21-21.35.15:186][168]LogModuleManager: Shutting down and abandoning module ModuleUI (364)
[2017.09.21-21.35.15:194][168]LogModuleManager: Shutting down and abandoning module MovieSceneTools (362)
[2017.09.21-21.35.15:213][168]LogModuleManager: Shutting down and abandoning module OutputLog (360)
[2017.09.21-21.35.15:224][168]LogModuleManager: Shutting down and abandoning module GammaUI (358)
[2017.09.21-21.35.15:231][168]LogModuleManager: Shutting down and abandoning module Documentation (356)
[2017.09.21-21.35.15:231][168]LogModuleManager: Shutting down and abandoning module MovieSceneTracks (354)
[2017.09.21-21.35.15:231][168]LogModuleManager: Shutting down and abandoning module MovieScene (352)
[2017.09.21-21.35.15:231][168]LogModuleManager: Shutting down and abandoning module Niagara (350)
[2017.09.21-21.35.15:231][168]LogModuleManager: Shutting down and abandoning module NiagaraEditor (349)
[2017.09.21-21.35.15:272][168]LogModuleManager: Shutting down and abandoning module StreamingPauseRendering (346)
[2017.09.21-21.35.15:272][168]LogModuleManager: Shutting down and abandoning module AnalyticsET (344)
[2017.09.21-21.35.15:272][168]LogModuleManager: Shutting down and abandoning module PortalServices (342)
[2017.09.21-21.35.15:272][168]LogModuleManager: Shutting down and abandoning module PortalRpc (340)
[2017.09.21-21.35.15:272][168]LogModuleManager: Shutting down and abandoning module MessagingRpc (338)
[2017.09.21-21.35.15:272][168]LogModuleManager: Shutting down and abandoning module AIModule (336)
[2017.09.21-21.35.15:272][168]LogModuleManager: Shutting down and abandoning module GameplayDebugger (335)
[2017.09.21-21.35.15:277][168]LogModuleManager: Shutting down and abandoning module AITestSuite (333)
[2017.09.21-21.35.15:287][168]LogModuleManager: Shutting down and abandoning module ProfilerService (330)
[2017.09.21-21.35.15:472][168]LogModuleManager: Shutting down and abandoning module TaskGraph (328)
[2017.09.21-21.35.15:483][168]LogModuleManager: Shutting down and abandoning module SteamVRController (326)
[2017.09.21-21.35.15:483][168]LogModuleManager: Shutting down and abandoning module SteamVR (324)
[2017.09.21-21.35.15:483][168]LogModuleManager: Shutting down and abandoning module ProceduralMeshComponentEditor (322)
[2017.09.21-21.35.15:492][168]LogModuleManager: Shutting down and abandoning module ProceduralMeshComponent (320)
[2017.09.21-21.35.15:501][168]LogModuleManager: Shutting down and abandoning module OculusLibrary (318)
[2017.09.21-21.35.15:501][168]LogModuleManager: Shutting down and abandoning module OculusInput (316)
[2017.09.21-21.35.15:501][168]LogModuleManager: Shutting down and abandoning module MobilePatchingUtils (314)
[2017.09.21-21.35.15:501][168]LogModuleManager: Shutting down and abandoning module CustomMeshComponent (312)
[2017.09.21-21.35.15:501][168]LogModuleManager: Shutting down and abandoning module CableComponent (310)
[2017.09.21-21.35.15:514][168]LogModuleManager: Shutting down and abandoning module ArchVisCharacter (308)
[2017.09.21-21.35.15:514][168]LogModuleManager: Shutting down and abandoning module AndroidPermission (306)
[2017.09.21-21.35.15:514][168]LogModuleManager: Shutting down and abandoning module MediaPlayerEditor (302)
[2017.09.21-21.35.15:532][168]LogModuleManager: Shutting down and abandoning module HTML5Networking (300)
[2017.09.21-21.35.15:532][168]LogModuleManager: Shutting down and abandoning module AlembicImporter (298)
[2017.09.21-21.35.15:545][168]LogModuleManager: Shutting down and abandoning module AlembicLibrary (297)
[2017.09.21-21.35.15:545][168]LogModuleManager: Shutting down and abandoning module GeometryCache (296)
[2017.09.21-21.35.15:555][168]LogModuleManager: Shutting down and abandoning module GeometryCacheEd (295)
[2017.09.21-21.35.15:555][168]LogModuleManager: Shutting down and abandoning module SuperSearchEditor (290)
[2017.09.21-21.35.15:555][168]LogModuleManager: Shutting down and abandoning module SuperSearch (289)
[2017.09.21-21.35.15:555][168]LogModuleManager: Shutting down and abandoning module SpeedTreeImporter (286)
[2017.09.21-21.35.15:555][168]LogModuleManager: Shutting down and abandoning module PluginBrowser (284)
[2017.09.21-21.35.15:568][168]LogModuleManager: Shutting down and abandoning module MobileLauncherProfileWizard (282)
[2017.09.21-21.35.15:583][168]LogModuleManager: Shutting down and abandoning module VisualStudioSourceCodeAccess (280)
[2017.09.21-21.35.15:583][168]LogModuleManager: Shutting down and abandoning module DesktopPlatform (279)
[2017.09.21-21.35.15:595][168]LogModuleManager: Shutting down and abandoning module UObjectPlugin (276)
[2017.09.21-21.35.15:595][168]LogModuleManager: Shutting down and abandoning module SubversionSourceControl (274)
[2017.09.21-21.35.15:605][168]LogModuleManager: Shutting down and abandoning module PerforceSourceControl (272)
[2017.09.21-21.35.15:612][168]LogModuleManager: Shutting down and abandoning module GitSourceControl (270)
[2017.09.21-21.35.15:617][168]LogModuleManager: Shutting down and abandoning module SourceControl (269)
[2017.09.21-21.35.15:623][168]LogModuleManager: Shutting down and abandoning module LightPropagationVolumeEditor (266)
[2017.09.21-21.35.15:623][168]LogModuleManager: Shutting down and abandoning module PaperTiledImporter (264)
[2017.09.21-21.35.15:623][168]LogModuleManager: Shutting down and abandoning module PaperSpriteSheetImporter (262)
[2017.09.21-21.35.15:623][168]LogModuleManager: Shutting down and abandoning module Paper2DEditor (260)
[2017.09.21-21.35.15:643][168]LogModuleManager: Shutting down and abandoning module MeshPaint (259)
[2017.09.21-21.35.15:654][168]LogModuleManager: Shutting down and abandoning module LevelEditor (257)
[2017.09.21-21.35.15:668][168]LogModuleManager: Shutting down and abandoning module PixelInspectorModule (256)
[2017.09.21-21.35.15:689][168]LogModuleManager: Shutting down and abandoning module MainFrame (254)
[2017.09.21-21.35.15:703][168]LogModuleManager: Shutting down and abandoning module HotReload (253)
[2017.09.21-21.35.15:715][168]LogDirectoryWatcher: A directory notification for 'D:/GameDev/_Projects/Unreal/TD_Game/Binaries/Win64' was aborted.
[2017.09.21-21.35.15:801][168]LogModuleManager: Shutting down and abandoning module TD_Game (248)
[2017.09.21-21.35.15:801][168]LogModuleManager: Shutting down and abandoning module PhysXVehiclesEditor (246)
[2017.09.21-21.35.15:801][168]LogModuleManager: Shutting down and abandoning module PhysXVehicles (244)
[2017.09.21-21.35.15:801][168]LogModuleManager: Shutting down and abandoning module LocationServicesBPLibrary (242)
[2017.09.21-21.35.15:801][168]LogModuleManager: Shutting down and abandoning module ImmediatePhysicsEditor (240)
[2017.09.21-21.35.15:801][168]LogModuleManager: Shutting down and abandoning module ImmediatePhysics (238)
[2017.09.21-21.35.15:813][168]LogModuleManager: Shutting down and abandoning module UdpMessaging (236)
[2017.09.21-21.35.15:913][168]LogModuleManager: Shutting down and abandoning module TcpMessaging (234)
[2017.09.21-21.35.16:027][168]LogModuleManager: Shutting down and abandoning module GameplayTagsEditor (232)
[2017.09.21-21.35.16:046][168]LogModuleManager: Shutting down and abandoning module FacialAnimationEditor (230)
[2017.09.21-21.35.16:052][168]LogModuleManager: Shutting down and abandoning module FacialAnimation (228)
[2017.09.21-21.35.16:052][168]LogModuleManager: Shutting down and abandoning module AssetManagerEditor (226)
[2017.09.21-21.35.16:062][168]LogModuleManager: Shutting down and abandoning module GraphEditor (225)
[2017.09.21-21.35.16:062][168]LogModuleManager: Shutting down and abandoning module ContentBrowser (223)
[2017.09.21-21.35.16:063][168]LogModuleManager: Shutting down and abandoning module LightPropagationVolumeRuntime (220)
[2017.09.21-21.35.16:063][168]LogModuleManager: Shutting down and abandoning module Paper2D (218)
[2017.09.21-21.35.16:071][168]LogModuleManager: Shutting down and abandoning module WindowsMoviePlayer (216)
[2017.09.21-21.35.16:071][168]LogModuleManager: Shutting down and abandoning module WmfMedia (214)
[2017.09.21-21.35.16:079][168]LogModuleManager: Shutting down and abandoning module ClothingSystemEditor (212)
[2017.09.21-21.35.16:093][168]LogModuleManager: Shutting down and abandoning module ClothingSystemRuntime (210)
[2017.09.21-21.35.16:101][168]LogModuleManager: Shutting down and abandoning module MediaAssets (208)
[2017.09.21-21.35.16:101][168]LogModuleManager: Shutting down and abandoning module GameLiveStreaming (206)
[2017.09.21-21.35.16:108][168]LogModuleManager: Shutting down and abandoning module VREditor (204)
[2017.09.21-21.35.16:124][168]LogModuleManager: Shutting down and abandoning module StringTableEditor (202)
[2017.09.21-21.35.16:131][168]LogModuleManager: Shutting down and abandoning module GameplayTasksEditor (200)
[2017.09.21-21.35.16:131][168]LogModuleManager: Shutting down and abandoning module BehaviorTreeEditor (198)
[2017.09.21-21.35.16:156][168]LogModuleManager: Shutting down and abandoning module FunctionalTesting (196)
[2017.09.21-21.35.16:156][168]LogModuleManager: Shutting down and abandoning module CollisionAnalyzer (194)
[2017.09.21-21.35.16:163][168]LogModuleManager: Shutting down and abandoning module UMG (192)
[2017.09.21-21.35.16:177][168]LogModuleManager: Shutting down and abandoning module UMGEditor (191)
[2017.09.21-21.35.16:201][168]LogModuleManager: Shutting down and abandoning module Sequencer (190)
[2017.09.21-21.35.16:227][168]LogModuleManager: Shutting down and abandoning module AssetTools (188)
[2017.09.21-21.35.16:261][168]LogModuleManager: Shutting down and abandoning module MessageLog (187)
[2017.09.21-21.35.16:261][168]LogModuleManager: Shutting down and abandoning module WorkspaceMenuStructure (186)
[2017.09.21-21.35.16:261][168]LogModuleManager: Shutting down and abandoning module SlateReflector (180)
[2017.09.21-21.35.16:286][168]LogModuleManager: Shutting down and abandoning module Slate (178)
[2017.09.21-21.35.16:286][168]LogModuleManager: Shutting down and abandoning module EditorStyle (176)
[2017.09.21-21.35.16:288][168]LogModuleManager: Shutting down and abandoning module SourceCodeAccess (174)
[2017.09.21-21.35.16:288][168]LogModuleManager: Shutting down and abandoning module HeadMountedDisplay (172)
[2017.09.21-21.35.16:288][168]LogModuleManager: Shutting down and abandoning module XAudio2 (170)
[2017.09.21-21.35.16:288][168]LogModuleManager: Shutting down and abandoning module Networking (168)
[2017.09.21-21.35.16:288][168]LogModuleManager: Shutting down and abandoning module Core (164)
[2017.09.21-21.35.16:288][168]LogModuleManager: Shutting down and abandoning module AssetRegistry (162)
[2017.09.21-21.35.16:405][168]LogDirectoryWatcher: A directory notification for '../../../Engine/Content/' was aborted.
[2017.09.21-21.35.16:405][168]LogDirectoryWatcher: A directory notification for '../../../../GameDev/_Projects/Unreal/TD_Game/Content/' was aborted.
[2017.09.21-21.35.16:405][168]LogDirectoryWatcher: A directory notification for '../../../Engine/Plugins/2D/Paper2D/Content/' was aborted.
[2017.09.21-21.35.16:405][168]LogDirectoryWatcher: A directory notification for '../../../Engine/Plugins/Runtime/GearVR/Content/' was aborted.
[2017.09.21-21.35.16:420][168]LogModuleManager: Shutting down and abandoning module DirectoryWatcher (161)
[2017.09.21-21.35.16:421][168]LogModuleManager: Shutting down and abandoning module KismetCompiler (158)
[2017.09.21-21.35.16:421][168]LogModuleManager: Shutting down and abandoning module LevelSequence (156)
[2017.09.21-21.35.16:421][168]LogModuleManager: Shutting down and abandoning module PhysXFormats (154)
[2017.09.21-21.35.16:421][168]LogModuleManager: Shutting down and abandoning module MeshUtilities (152)
[2017.09.21-21.35.16:440][168]LogModuleManager: Shutting down and abandoning module SimplygonSwarm (151)
[2017.09.21-21.35.16:455][168]LogModuleManager: Shutting down and abandoning module SimplygonMeshReduction (149)
[2017.09.21-21.35.16:455][168]LogModuleManager: Shutting down and abandoning module QuadricMeshReduction (147)
[2017.09.21-21.35.16:468][168]LogModuleManager: Shutting down and abandoning module DerivedDataCache (144)
[2017.09.21-21.35.16:533][168]LogDerivedDataCache: Shutdown
[2017.09.21-21.35.16:541][168]LogModuleManager: Shutting down and abandoning module TargetPlatform (142)
[2017.09.21-21.35.16:541][168]LogModuleManager: Shutting down and abandoning module VulkanShaderFormat (141)
[2017.09.21-21.35.16:554][168]LogModuleManager: Shutting down and abandoning module ShaderFormatVectorVM (139)
[2017.09.21-21.35.16:561][168]LogModuleManager: Shutting down and abandoning module ShaderFormatOpenGL (137)
[2017.09.21-21.35.16:570][168]LogModuleManager: Shutting down and abandoning module ShaderFormatD3D (135)
[2017.09.21-21.35.16:577][168]LogModuleManager: Shutting down and abandoning module MetalShaderFormat (133)
[2017.09.21-21.35.16:591][168]LogModuleManager: Shutting down and abandoning module TextureFormatUncompressed (131)
[2017.09.21-21.35.16:591][168]LogModuleManager: Shutting down and abandoning module TextureFormatPVR (129)
[2017.09.21-21.35.16:591][168]LogModuleManager: Shutting down and abandoning module TextureFormatDXT (127)
[2017.09.21-21.35.16:598][168]LogModuleManager: Shutting down and abandoning module TextureFormatIntelISPCTexComp (125)
[2017.09.21-21.35.16:599][168]LogModuleManager: Shutting down and abandoning module TextureFormatASTC (123)
[2017.09.21-21.35.16:599][168]LogModuleManager: Shutting down and abandoning module ImageWrapper (122)
[2017.09.21-21.35.16:599][168]LogModuleManager: Shutting down and abandoning module TextureFormatAndroid (119)
[2017.09.21-21.35.16:599][168]LogModuleManager: Shutting down and abandoning module AudioFormatOpus (117)
[2017.09.21-21.35.16:599][168]LogModuleManager: Shutting down and abandoning module AudioFormatOgg (115)
[2017.09.21-21.35.16:599][168]LogModuleManager: Shutting down and abandoning module AudioFormatADPCM (113)
[2017.09.21-21.35.16:599][168]LogModuleManager: Shutting down and abandoning module LinuxTargetPlatform (111)
[2017.09.21-21.35.16:599][168]LogModuleManager: Shutting down and abandoning module LinuxServerTargetPlatform (109)
[2017.09.21-21.35.16:599][168]LogModuleManager: Shutting down and abandoning module LinuxNoEditorTargetPlatform (107)
[2017.09.21-21.35.16:599][168]LogModuleManager: Shutting down and abandoning module LinuxClientTargetPlatform (105)
[2017.09.21-21.35.16:599][168]LogModuleManager: Shutting down and abandoning module TVOSTargetPlatform (103)
[2017.09.21-21.35.16:599][168]LogModuleManager: Shutting down and abandoning module Messaging (101)
[2017.09.21-21.35.16:599][168]LogModuleManager: Shutting down and abandoning module IOSTargetPlatform (99)
[2017.09.21-21.35.16:599][168]LogModuleManager: Shutting down and abandoning module HTML5TargetPlatform (97)
[2017.09.21-21.35.16:599][168]LogModuleManager: Shutting down and abandoning module Android_PVRTCTargetPlatform (95)
[2017.09.21-21.35.16:604][168]LogModuleManager: Shutting down and abandoning module Android_MultiTargetPlatform (93)
[2017.09.21-21.35.16:604][168]LogModuleManager: Shutting down and abandoning module Android_ETC2TargetPlatform (91)
[2017.09.21-21.35.16:611][168]LogModuleManager: Shutting down and abandoning module Android_ETC1TargetPlatform (89)
[2017.09.21-21.35.16:614][168]LogModuleManager: Shutting down and abandoning module Android_DXTTargetPlatform (87)
[2017.09.21-21.35.16:622][168]LogModuleManager: Shutting down and abandoning module Android_ATCTargetPlatform (85)
[2017.09.21-21.35.16:632][168]LogModuleManager: Shutting down and abandoning module Android_ASTCTargetPlatform (83)
[2017.09.21-21.35.16:632][168]LogModuleManager: Shutting down and abandoning module AndroidTargetPlatform (81)
[2017.09.21-21.35.16:640][168]LogModuleManager: Shutting down and abandoning module WindowsTargetPlatform (79)
[2017.09.21-21.35.16:641][168]LogModuleManager: Shutting down and abandoning module WindowsServerTargetPlatform (77)
[2017.09.21-21.35.16:641][168]LogModuleManager: Shutting down and abandoning module WindowsNoEditorTargetPlatform (75)
[2017.09.21-21.35.16:641][168]LogModuleManager: Shutting down and abandoning module WindowsClientTargetPlatform (73)
[2017.09.21-21.35.16:641][168]LogModuleManager: Shutting down and abandoning module MacTargetPlatform (71)
[2017.09.21-21.35.16:641][168]LogModuleManager: Shutting down and abandoning module MacServerTargetPlatform (69)
[2017.09.21-21.35.16:641][168]LogModuleManager: Shutting down and abandoning module MacNoEditorTargetPlatform (67)
[2017.09.21-21.35.16:641][168]LogModuleManager: Shutting down and abandoning module MacClientTargetPlatform (65)
[2017.09.21-21.35.16:641][168]LogModuleManager: Shutting down and abandoning module AllDesktopTargetPlatform (63)
[2017.09.21-21.35.16:641][168]LogModuleManager: Shutting down and abandoning module InputCore (60)
[2017.09.21-21.35.16:641][168]LogModuleManager: Shutting down and abandoning module Settings (58)
[2017.09.21-21.35.16:641][168]LogModuleManager: Shutting down and abandoning module OculusRift (56)
[2017.09.21-21.35.16:649][168]LogModuleManager: Shutting down and abandoning module GearVRController (54)
[2017.09.21-21.35.16:649][168]LogModuleManager: Shutting down and abandoning module GearVR (52)
[2017.09.21-21.35.16:659][168]LogModuleManager: Shutting down and abandoning module ExampleDeviceProfileSelector (50)
[2017.09.21-21.35.16:659][168]LogModuleManager: Shutting down and abandoning module OnlineBlueprintSupport (48)
[2017.09.21-21.35.16:659][168]LogModuleManager: Shutting down and abandoning module OnlineSubsystem (44)
[2017.09.21-21.35.16:659][168]LogOnline:Display: Unloading online subsystem: NULL
[2017.09.21-21.35.16:682][168]LogModuleManager: Shutting down and abandoning module XMPP (43)
[2017.09.21-21.35.16:694][168]LogModuleManager: Shutting down and abandoning module HTTP (41)
[2017.09.21-21.35.16:694][168]LogHttp:Display: Http module shutting down, but needs to wait on 1 outstanding Http requests:
[2017.09.21-21.35.16:700][168]LogHttp:Display: 	verb=[POST] url=[https://datarouter.ol.epicgames.com/datarouter/api/v1/public/data?SessionID=%7B0984E872-41C0-7AFA-1B84-6BBFD90E4F3D%7D&AppID=UEEditor.Rocket.Release&AppVersion=4.16.2-3514769%2B%2B%2BUE4%2BRelease-4.16&UserID=01e034b24ea554f31b8dd38771eabe77%7C931f564908014216910d37ab090cfd59%7C3a719b7d-6773-4c0f-b8cb-fc5d9d6955e9&AppEnvironment=datacollector-binary&UploadType=eteventstream] status=Processing
[2017.09.21-21.35.16:729][168]LogModuleManager: Shutting down and abandoning module SSL (40)
[2017.09.21-21.35.16:741][168]LogModuleManager: Shutting down and abandoning module HTTPChunkInstaller (36)
[2017.09.21-21.35.16:753][168]LogModuleManager: Shutting down and abandoning module AnimationModifiers (34)
[2017.09.21-21.35.16:760][168]LogModuleManager: Shutting down and abandoning module PropertyEditor (33)
[2017.09.21-21.35.16:760][168]LogModuleManager: Shutting down and abandoning module AudioEditor (30)
[2017.09.21-21.35.16:777][168]LogModuleManager: Shutting down and abandoning module TextureCompressor (28)
[2017.09.21-21.35.16:781][168]LogModuleManager: Shutting down and abandoning module ShaderCore (26)
[2017.09.21-21.35.16:781][168]LogModuleManager: Shutting down and abandoning module Landscape (24)
[2017.09.21-21.35.16:781][168]LogModuleManager: Shutting down and abandoning module SlateRHIRenderer (22)
[2017.09.21-21.35.16:790][168]LogModuleManager: Shutting down and abandoning module OpenGLDrv (20)
[2017.09.21-21.35.16:800][168]LogModuleManager: Shutting down and abandoning module D3D11RHI (18)
[2017.09.21-21.35.16:800][168]LogModuleManager: Shutting down and abandoning module AnimGraphRuntime (16)
[2017.09.21-21.35.16:812][168]LogModuleManager: Shutting down and abandoning module Renderer (14)
[2017.09.21-21.35.16:812][168]LogModuleManager: Shutting down and abandoning module Engine (12)
[2017.09.21-21.35.16:812][168]LogModuleManager: Shutting down and abandoning module CoreUObject (10)
[2017.09.21-21.35.16:812][168]LogModuleManager: Shutting down and abandoning module NetworkFile (8)
[2017.09.21-21.35.16:827][168]LogModuleManager: Shutting down and abandoning module StreamingFile (6)
[2017.09.21-21.35.16:837][168]LogModuleManager: Shutting down and abandoning module SandboxFile (4)
[2017.09.21-21.35.16:845][168]LogModuleManager: Shutting down and abandoning module PakFile (2)
[2017.09.21-21.35.16:864][168]LogExit: Exiting.
[2017.09.21-21.35.16:883][168]Log file closed, 09/21/17 17:35:16
