Log file open, 09/18/17 20:55:36
LogInit:Display: Running engine for game: TD_Game
LogPlatformFile: Not using cached read wrapper
LogInit:Display: RandInit(1332178448) SRandInit(1332178448).
LogTaskGraph: Started task graph with 5 named threads and 8 total threads with 1 sets of task threads.
LogStats: Stats thread started at 1.625548
LogInit: Using libcurl 7.47.1
LogInit:  - built for x86_64-pc-win32
LogInit:  - supports SSL with OpenSSL/1.0.2g
LogInit:  - supports HTTP deflate (compression) using libz 1.2.8
LogInit:  - other features:
LogInit:      CURL_VERSION_SSL
LogInit:      CURL_VERSION_LIBZ
LogInit:      CURL_VERSION_IPV6
LogInit:      CURL_VERSION_ASYNCHDNS
LogInit:      CURL_VERSION_LARGEFILE
LogInit:      CURL_VERSION_IDN
LogInit:  CurlRequestOptions (configurable via config and command line):
LogInit:  - bVerifyPeer = false  - Libcurl will NOT verify peer certificate
LogInit:  - bUseHttpProxy = false  - Libcurl will NOT use HTTP proxy
LogInit:  - bDontReuseConnections = false  - Libcurl will reuse connections
LogInit:  - CertBundlePath = nullptr  - Libcurl will use whatever was configured at build time.
LogInit: Build: ++UE4+Release-4.16-CL-3514769
LogInit: Engine Version: 4.16.2-3514769+++UE4+Release-4.16
LogInit: Compatible Engine Version: 4.16.0-3452394+++UE4+Release-4.16
LogInit: Net CL: 3452394
LogDevObjectVersion: Number of dev versions registered: 16
LogDevObjectVersion:   Dev-Blueprints (B0D832E4-1F89-4F0D-ACCF-7EB736FD4AA2): 9
LogDevObjectVersion:   Dev-Build (E1C64328-A22C-4D53-A36C-8E866417BD8C): 0
LogDevObjectVersion:   Dev-Core (375EC13C-06E4-48FB-B500-84F0262A717E): 2
LogDevObjectVersion:   Dev-Editor (E4B068ED-F494-42E9-A231-DA0B2E46BB41): 17
LogDevObjectVersion:   Dev-Framework (CFFC743F-43B0-4480-9391-14DF171D2073): 23
LogDevObjectVersion:   Dev-Mobile (B02B49B5-BB20-44E9-A304-32B752E40360): 0
LogDevObjectVersion:   Dev-Networking (A4E4105C-59A1-49B5-A7C5-40C4547EDFEE): 0
LogDevObjectVersion:   Dev-Online (39C831C9-5AE6-47DC-9A44-9C173E1C8E7C): 0
LogDevObjectVersion:   Dev-Physics (78F01B33-EBEA-4F98-B9B4-84EACCB95AA2): 0
LogDevObjectVersion:   Dev-Platform (6631380F-2D4D-43E0-8009-CF276956A95A): 0
LogDevObjectVersion:   Dev-Rendering (12F88B9F-8875-4AFC-A67C-D90C383ABD29): 15
LogDevObjectVersion:   Dev-Sequencer (7B5AE74C-D270-4C10-A958-57980B212A5A): 4
LogDevObjectVersion:   Dev-VR (D7296918-1DD6-4BDD-9DE2-64A83CC13884): 0
LogDevObjectVersion:   Dev-LoadTimes (C2A15278-BFE7-4AFE-6C17-90FF531DF755): 1
LogDevObjectVersion:   Private-Geometry (6EACA3D4-40EC-4CC1-B786-8BED09428FC5): 1
LogDevObjectVersion:   Dev-AnimPhys (29E575DD-E0A3-4627-9D10-D276232CDCEA): 3
LogInit: Compiled (64-bit): Jun 29 2017 02:03:24
LogInit: Compiled with Visual C++: 19.00.24215.01
LogInit: Build Configuration: Development
LogInit: Branch Name: ++UE4+Release-4.16
LogInit: Command line:  
LogInit: Base directory: D:/UE_4.16/Engine/Binaries/Win64/
LogInit: Installed Engine Build: 1
LogInit: Presizing for max 8388607 objects, including 0 objects not considered by GC, pre-allocating 0 bytes for permanent pool.
LogInit: Object subsystem initialized
[2017.09.19-00.55.36:902][  0]LogInit: Selected Device Profile: [Windows]
[2017.09.19-00.55.36:902][  0]LogInit: Applying CVar settings loaded from the selected device profile: [Windows]
[2017.09.19-00.55.36:992][  0]LogInit: Computer: DESKTOP-QASU0J3
[2017.09.19-00.55.36:992][  0]LogInit: User: Topleftstyll
[2017.09.19-00.55.36:992][  0]LogInit: CPU Page size=4096, Cores=4
[2017.09.19-00.55.36:992][  0]LogInit: High frequency timer resolution =2.742189 MHz
[2017.09.19-00.55.36:992][  0]LogMemory: Memory total: Physical=15.9GB (16GB approx)
[2017.09.19-00.55.36:992][  0]LogMemory: Platform Memory Stats for Windows
[2017.09.19-00.55.36:992][  0]LogMemory: Process Physical Memory: 273.62 MB used, 273.62 MB peak
[2017.09.19-00.55.36:992][  0]LogMemory: Process Virtual Memory: 261.21 MB used, 261.21 MB peak
[2017.09.19-00.55.36:992][  0]LogMemory: Physical Memory: 9923.78 MB used,  6323.17 MB free, 16246.95 MB total
[2017.09.19-00.55.36:992][  0]LogMemory: Virtual Memory: 638.64 MB used,  6323.17 MB free, 134217728.00 MB total
[2017.09.19-00.55.37:861][  0]LogInit: Using OS detected language (en-US).
[2017.09.19-00.55.37:861][  0]LogInit: Using OS detected locale (en-US).
[2017.09.19-00.55.38:058][  0]LogTextLocalizationManager: No specific localization for 'en-US' exists, so the 'en' localization will be used.
[2017.09.19-00.55.41:556][  0]LogD3D11RHI: D3D11 adapters:
[2017.09.19-00.55.42:148][  0]LogD3D11RHI:    0. 'NVIDIA GeForce GTX 1070' (Feature Level 11_0)
[2017.09.19-00.55.42:148][  0]LogD3D11RHI:       8113/0/8123 MB DedicatedVideo/DedicatedSystem/SharedSystem, Outputs:1, VendorId:0x10de
[2017.09.19-00.55.42:156][  0]LogD3D11RHI:    1. 'Intel(R) HD Graphics 630' (Feature Level 11_0)
[2017.09.19-00.55.42:156][  0]LogD3D11RHI:       128/0/8123 MB DedicatedVideo/DedicatedSystem/SharedSystem, Outputs:0, VendorId:0x8086
[2017.09.19-00.55.42:157][  0]LogD3D11RHI:    2. 'Microsoft Basic Render Driver' (Feature Level 11_0)
[2017.09.19-00.55.42:157][  0]LogD3D11RHI:       0/0/8123 MB DedicatedVideo/DedicatedSystem/SharedSystem, Outputs:0, VendorId:0x1414
[2017.09.19-00.55.42:157][  0]LogD3D11RHI: Chosen D3D11 Adapter: 0
[2017.09.19-00.55.42:212][  0]LogD3D11RHI: Creating new Direct3DDevice
[2017.09.19-00.55.42:212][  0]LogD3D11RHI:     GPU DeviceId: 0x1ba1 (for the marketing name, search the web for "GPU Device Id")
[2017.09.19-00.55.42:212][  0]LogWindows: EnumDisplayDevices:
[2017.09.19-00.55.42:212][  0]LogWindows:    0. 'Intel(R) HD Graphics 630' (P:1 D:1)
[2017.09.19-00.55.42:212][  0]LogWindows:    1. 'Intel(R) HD Graphics 630' (P:0 D:0)
[2017.09.19-00.55.42:212][  0]LogWindows:    2. 'Intel(R) HD Graphics 630' (P:0 D:0)
[2017.09.19-00.55.42:212][  0]LogWindows:    3. 'NVIDIA GeForce GTX 1070' (P:0 D:0)
[2017.09.19-00.55.42:212][  0]LogWindows:    4. 'NVIDIA GeForce GTX 1070' (P:0 D:0)
[2017.09.19-00.55.42:213][  0]LogWindows:    5. 'NVIDIA GeForce GTX 1070' (P:0 D:0)
[2017.09.19-00.55.42:213][  0]LogWindows:    6. 'NVIDIA GeForce GTX 1070' (P:0 D:0)
[2017.09.19-00.55.42:213][  0]LogWindows: DebugString: PrimaryIsNotTheChoosenAdapter PrimaryIsNotTheChoosenAdapter PrimaryIsNotTheChoosenAdapter FoundDriverCount:4 
[2017.09.19-00.55.42:213][  0]LogD3D11RHI:     Adapter Name: NVIDIA GeForce GTX 1070
[2017.09.19-00.55.42:213][  0]LogD3D11RHI:   Driver Version: 381.89 (internal:22.21.13.8189, unified:381.89)
[2017.09.19-00.55.42:213][  0]LogD3D11RHI:      Driver Date: 4-19-2017
[2017.09.19-00.55.42:213][  0]LogRHI: Texture pool is 1361 MB (70% of 1945 MB)
[2017.09.19-00.55.42:783][  0]LogD3D11RHI: Async texture creation enabled
[2017.09.19-00.55.42:972][  0]LogD3D11RHI: GPU Timing Frequency: 1000.000000 (Debug: 2 2)
[2017.09.19-00.55.43:023][  0]LogShaderCompilers: Guid format shader working directory is 8 characters bigger than the processId version (../../../../GameDev/_Projects/Unreal/TD_Game/Intermediate/Shaders/WorkingDirectory/13708/).
[2017.09.19-00.55.43:023][  0]LogShaderCompilers: Cleaned the shader compiler working directory 'C:/Users/Topleftstyll/AppData/Local/Temp/UnrealShaderWorkingDir/4FE59FB34F80FF30F93354909DF30AF0/'.
[2017.09.19-00.55.43:023][  0]LogShaderCompilers:Display: Using Local Shader Compiler.
[2017.09.19-00.55.45:900][  0]LogTemp:Display: Loaded TP AllDesktopTargetPlatform
[2017.09.19-00.55.45:937][  0]LogTemp:Display: Loaded TP MacClientTargetPlatform
[2017.09.19-00.55.45:974][  0]LogTemp:Display: Loaded TP MacNoEditorTargetPlatform
[2017.09.19-00.55.46:011][  0]LogTemp:Display: Loaded TP MacServerTargetPlatform
[2017.09.19-00.55.46:060][  0]LogTemp:Display: Loaded TP MacTargetPlatform
[2017.09.19-00.55.46:098][  0]LogTemp:Display: Loaded TP WindowsClientTargetPlatform
[2017.09.19-00.55.46:136][  0]LogTemp:Display: Loaded TP WindowsNoEditorTargetPlatform
[2017.09.19-00.55.46:174][  0]LogTemp:Display: Loaded TP WindowsServerTargetPlatform
[2017.09.19-00.55.46:221][  0]LogTemp:Display: Loaded TP WindowsTargetPlatform
[2017.09.19-00.55.46:275][  0]LogTemp:Display: Loaded TP AndroidTargetPlatform
[2017.09.19-00.55.46:311][  0]LogTemp:Display: Loaded TP Android_ASTCTargetPlatform
[2017.09.19-00.55.46:347][  0]LogTemp:Display: Loaded TP Android_ATCTargetPlatform
[2017.09.19-00.55.46:385][  0]LogTemp:Display: Loaded TP Android_DXTTargetPlatform
[2017.09.19-00.55.46:421][  0]LogTemp:Display: Loaded TP Android_ETC1TargetPlatform
[2017.09.19-00.55.46:459][  0]LogTemp:Display: Loaded TP Android_ETC2TargetPlatform
[2017.09.19-00.55.46:535][  0]LogTemp:Display: Loaded TP Android_MultiTargetPlatform
[2017.09.19-00.55.46:535][  0]LogTemp:Display: Loaded TP Android_PVRTCTargetPlatform
[2017.09.19-00.55.46:563][  0]LogTemp:Display: Loaded TP HTML5TargetPlatform
[2017.09.19-00.55.46:686][  0]LogTemp:Display: Loaded TP IOSTargetPlatform
[2017.09.19-00.55.46:710][  0]LogTemp:Display: Loaded TP TVOSTargetPlatform
[2017.09.19-00.55.46:746][  0]LogTemp:Display: Loaded TP LinuxClientTargetPlatform
[2017.09.19-00.55.46:788][  0]LogTemp:Display: Loaded TP LinuxNoEditorTargetPlatform
[2017.09.19-00.55.46:825][  0]LogTemp:Display: Loaded TP LinuxServerTargetPlatform
[2017.09.19-00.55.46:866][  0]LogTemp:Display: Loaded TP LinuxTargetPlatform
[2017.09.19-00.55.46:866][  0]LogTargetPlatformManager:Display: Building Assets For Windows
[2017.09.19-00.55.47:930][  0]LogDerivedDataCache:Display: Max Cache Size: 512 MB
[2017.09.19-00.55.48:444][  0]LogDerivedDataCache: Loaded boot cache 0.51s 90MB C:/Users/Topleftstyll/AppData/Local/UnrealEngine/4.16/DerivedDataCache/Boot.ddc.
[2017.09.19-00.55.48:444][  0]LogDerivedDataCache:Display: Loaded Boot cache: C:/Users/Topleftstyll/AppData/Local/UnrealEngine/4.16/DerivedDataCache/Boot.ddc
[2017.09.19-00.55.48:444][  0]LogDerivedDataCache: FDerivedDataBackendGraph:  Pak pak cache file ../../../../GameDev/_Projects/Unreal/TD_Game/DerivedDataCache/DDC.ddp not found, will not use a pak cache.
[2017.09.19-00.55.48:444][  0]LogDerivedDataCache: Unable to find inner node Pak for hierarchical cache Hierarchy.
[2017.09.19-00.55.48:444][  0]LogDerivedDataCache: FDerivedDataBackendGraph:  CompressedPak pak cache file ../../../../GameDev/_Projects/Unreal/TD_Game/DerivedDataCache/Compressed.ddp not found, will not use a pak cache.
[2017.09.19-00.55.48:444][  0]LogDerivedDataCache: Unable to find inner node CompressedPak for hierarchical cache Hierarchy.
[2017.09.19-00.55.48:567][  0]LogDerivedDataCache:Display: Pak cache opened for reading ../../../Engine/DerivedDataCache/Compressed.ddp.
[2017.09.19-00.55.48:580][  0]LogDerivedDataCache: Using Local data cache path C:/Users/Topleftstyll/AppData/Local/UnrealEngine/Common/DerivedDataCache: Writable
[2017.09.19-00.55.48:632][  0]LogMaterial: Verifying Global Shaders for PCD3D_SM5
[2017.09.19-00.55.48:660][  0]LogSlate: Using Freetype 2.6.0
[2017.09.19-00.55.48:742][  0]LogSlate: SlateFontCache - WITH_FREETYPE: 1, WITH_HARFBUZZ: 1
[2017.09.19-00.55.48:742][  0]LogSlate: SlateFontCache - WITH_FREETYPE: 1, WITH_HARFBUZZ: 1
[2017.09.19-00.55.56:795][  0]LogInit: Selected Device Profile: [Windows]
[2017.09.19-00.55.57:443][  0]LogContentStreaming: Texture pool size is 0.00 MB
[2017.09.19-00.55.58:084][  0]LogMeshUtilities: Using QuadricMeshReduction for automatic static mesh reduction
[2017.09.19-00.55.58:242][  0]LogSimplygon: Simplygon DLL not present - disabling.
[2017.09.19-00.55.58:316][  0]LogMeshUtilities: Using SimplygonSwarm for distributed automatic mesh merging
[2017.09.19-00.55.58:316][  0]LogMeshUtilities: No automatic skeletal mesh reduction module available
[2017.09.19-00.55.58:316][  0]LogMeshUtilities: No automatic mesh merging module available
[2017.09.19-00.56.01:410][  0]LogNetVersion: TD_Game , NetCL: 3452394, EngineNetVer: 2, GameNetVer: 0 (Checksum: 4232742924)
[2017.09.19-00.56.01:656][  0]LogAssetRegistry: FAssetRegistry took 0.0256 seconds to start up
[2017.09.19-00.56.01:863][  0]LogPackageLocalizationCache: Processed 4 localized package path(s) for 2 prioritized culture(s) in 0.156269 seconds
[2017.09.19-00.56.01:883][  0]LogUObjectArray: 34194 objects as part of root set at end of initial load.
[2017.09.19-00.56.01:883][  0]LogUObjectAllocator: 7260424 out of 0 bytes used by permanent object pool.
[2017.09.19-00.56.01:883][  0]LogUObjectArray: CloseDisregardForGC: 0/0 objects in disregard for GC pool
[2017.09.19-00.56.01:961][  0]LogInit: WinSock: version 1.1 (2.2), MaxSocks=32767, MaxUdp=65467
[2017.09.19-00.56.12:028][  0]LogTcpMessaging: Initializing TcpMessaging bridge
[2017.09.19-00.56.12:073][  0]LogUdpMessaging: Initializing bridge on interface 0.0.0.0:0 to multicast group 230.0.0.1:6666.
[2017.09.19-00.56.13:179][  0]LogMaterial: Uniform references updated for custom material expression Custom.
[2017.09.19-00.56.13:769][  0]SourceControl: Info Source control is disabled
[2017.09.19-00.56.13:865][  0]SourceControl: Info Source control is disabled
[2017.09.19-00.56.13:987][  0]SourceControl: Info Source control is disabled
[2017.09.19-00.56.14:064][  0]SourceControl: Info Source control is disabled
[2017.09.19-00.56.15:039][  0]LogAndroidPermission: UAndroidPermissionCallbackProxy::GetInstance
[2017.09.19-00.56.16:026][  0]LogEngine: Initializing Engine...
[2017.09.19-00.56.16:037][  0]LogHMD: Failed to initialize OpenVR with code 110
[2017.09.19-00.56.16:607][  0]LogStats: UGameplayTagsManager::ConstructGameplayTagTree: Construct from data asset -  0.000 s
[2017.09.19-00.56.16:608][  0]LogStats: UGameplayTagsManager::ConstructGameplayTagTree: GameplayTagTreeChangedEvent.Broadcast -  0.000 s
[2017.09.19-00.56.16:944][  0]LogAIModule: Creating AISystem for world Untitled
[2017.09.19-00.56.17:030][  0]LogInit: XAudio2 using 'Speakers / Headphones (Realtek Audio)' : 6 channels at 48 kHz using 32 bits per sample (channel mask 0x3f)
[2017.09.19-00.56.17:073][  0]LogInit: FAudioDevice initialized.
[2017.09.19-00.56.17:127][  0]LogDerivedDataCache: Saved boot cache 0.05s 90MB C:/Users/Topleftstyll/AppData/Local/UnrealEngine/4.16/DerivedDataCache/Boot.ddc.
[2017.09.19-00.56.17:140][  0]LogInit: Texture streaming: Enabled
[2017.09.19-00.56.17:274][  0]LogEngineSessionManager: EngineSessionManager initialized
[2017.09.19-00.56.17:783][  0]LogInit: Transaction tracking system initialized
[2017.09.19-00.56.18:180][  0]BlueprintLog: New page: Editor Load
[2017.09.19-00.56.19:533][  0]LocalizationService: Info Localization service is disabled
[2017.09.19-00.56.20:422][  0]LogConsoleResponse:Display: 
[2017.09.19-00.56.22:180][  0]LogFileCache: Scanning file cache for directory 'D:/GameDev/_Projects/Unreal/TD_Game/Content/' took 0.05s
[2017.09.19-00.56.22:180][  0]LogCook:Display: Max memory allowance for cook 16384mb min free memory 0mb
[2017.09.19-00.56.22:181][  0]LogCook:Display: Mobile HDR setting 1
[2017.09.19-00.56.24:262][  0]SourceControl: Info Source control is disabled
[2017.09.19-00.56.24:279][  0]Cmd: MAP LOAD FILE="../../../../GameDev/_Projects/Unreal/TD_Game/Content/Maps/StartScreen.umap" TEMPLATE=0 SHOWPROGRESS=1 FEATURELEVEL=3
[2017.09.19-00.56.24:308][  0]LightingResults: New page: Lighting Build
[2017.09.19-00.56.24:383][  0]MapCheck: New page: Map Check
[2017.09.19-00.56.24:383][  0]LightingResults: New page: Lighting Build
[2017.09.19-00.56.24:691][  0]LogAIModule: Creating AISystem for world StartScreen
[2017.09.19-00.56.24:753][  0]LogEditorServer: Finished looking for orphan Actors (0.000 secs)
[2017.09.19-00.56.24:773][  0]Cmd: MAP CHECKDEP NOCLEARLOG
[2017.09.19-00.56.24:815][  0]MapCheck: Info Map check complete: 0 Error(s), 0 Warning(s), took 32.685ms to complete.
[2017.09.19-00.56.24:815][  0]LogFileHelpers: Loading map 'StartScreen' took 0.545
[2017.09.19-00.56.24:927][  0]LogWindowsTextInputMethodSystem:Display: IME system now deactivated.
[2017.09.19-00.56.25:753][  0]LogCollectionManager: Loaded 0 collections in 0.001450 seconds
[2017.09.19-00.56.25:869][  0]LogFileCache: Scanning file cache for directory 'D:/GameDev/_Projects/Unreal/TD_Game/Saved/Collections/' took 0.01s
[2017.09.19-00.56.25:869][  0]LogFileCache: Scanning file cache for directory 'D:/GameDev/_Projects/Unreal/TD_Game/Content/Developers/Topleftstyll/Collections/' took 0.01s
[2017.09.19-00.56.25:869][  0]LogFileCache: Scanning file cache for directory 'D:/GameDev/_Projects/Unreal/TD_Game/Content/Collections/' took 0.01s
[2017.09.19-00.56.25:869][  0]LogCollectionManager: Rebuilt the GUID cache for 0 collections in 0.000017 seconds
[2017.09.19-00.56.25:888][  0]LogContentBrowser: Native class hierarchy populated in 0.0182 seconds. Added 2331 classes and 495 folders.
[2017.09.19-00.56.25:980][  0]LogContentBrowser: Native class hierarchy updated for 'WidgetCarousel' in 0.0012 seconds. Added 0 classes and 0 folders.
[2017.09.19-00.56.27:060][  0]LogContentBrowser: Native class hierarchy updated for 'AddContentDialog' in 0.0013 seconds. Added 0 classes and 0 folders.
[2017.09.19-00.56.27:112][  0]LogCrashTracker: Crashtracker disabled due to settings.
[2017.09.19-00.56.27:206][  0]LogUObjectGlobals:Warning: Failed to find object 'Class None.'
[2017.09.19-00.56.27:306][  0]LogContentBrowser: Native class hierarchy updated for 'HierarchicalLODOutliner' in 0.0013 seconds. Added 1 classes and 2 folders.
[2017.09.19-00.56.27:307][  0]LogLoad: (Engine Initialization) Total time: 57.61 seconds
[2017.09.19-00.56.27:307][  0]LogLoad: (Engine Initialization) Total Blueprint compile time: 0.39 seconds
[2017.09.19-00.56.27:307][  0]LogExternalProfiler: Found external profiler: VSPerf
[2017.09.19-00.56.27:307][  0]LogExternalProfiler: Using external profiler: VSPerf
[2017.09.19-00.56.27:324][  0]LogOcInput: OculusInput pre-init called
[2017.09.19-00.56.27:337][  0]LogHMD: Starting GearVRController plugin
[2017.09.19-00.56.27:383][  0]LogContentStreaming: Texture pool size now 1000 MB
[2017.09.19-00.56.27:437][  0]LogSlate: Took 0.034838 seconds to synchronously load lazily loaded font '../../../Engine/Content/Slate/Fonts/Roboto-Regular.ttf' (155K)
[2017.09.19-00.56.27:451][  0]LogSlate: Took 0.012145 seconds to synchronously load lazily loaded font '../../../Engine/Content/Slate/Fonts/Roboto-Bold.ttf' (160K)
[2017.09.19-00.56.27:477][  0]LogSlate: Took 0.014848 seconds to synchronously load lazily loaded font '../../../Engine/Content/Editor/Slate/Fonts/FontAwesome.ttf' (139K)
[2017.09.19-00.56.27:961][  1]LogRenderer: Reallocating scene render targets to support 780x468 NumSamples 1 (Frame:1).
[2017.09.19-00.56.27:961][  1]LogSlate: Took 0.049807 seconds to synchronously load lazily loaded font '../../../Engine/Content/Slate/Fonts/Roboto-Light.ttf' (159K)
[2017.09.19-00.56.28:025][  3]LogAssetRegistry: Asset discovery search completed in 26.3915 seconds
[2017.09.19-00.56.28:059][  3]LogCollectionManager: Rebuilt the object cache for 0 collections in 0.000000 seconds (found 0 objects)
[2017.09.19-00.56.28:059][  3]LogCollectionManager: Fixed up redirectors for 0 collections in 0.000031 seconds (updated 0 objects)
[2017.09.19-00.56.28:353][ 20]LogSlate: Took 0.000272 seconds to synchronously load lazily loaded font '../../../Engine/Content/Slate/Fonts/Roboto-Light.ttf' (159K)
[2017.09.19-00.56.30:599][141]LogRenderer: Reallocating scene render targets to support 1104x652 NumSamples 1 (Frame:81).
[2017.09.19-00.56.37:461][387]LogSlate: Took 0.000128 seconds to synchronously load lazily loaded font '../../../Engine/Content/Slate/Fonts/Roboto-Light.ttf' (159K)
[2017.09.19-00.56.37:970][387]LogSlate: Took 0.000134 seconds to synchronously load lazily loaded font '../../../Engine/Content/Slate/Fonts/Roboto-Regular.ttf' (155K)
[2017.09.19-00.56.38:141][387]LogContentBrowser: Native class hierarchy updated for 'BlueprintGraph' in 0.0016 seconds. Added 112 classes and 0 folders.
[2017.09.19-00.56.39:888][387]LogSlate: Took 0.011801 seconds to synchronously load lazily loaded font '../../../Engine/Content/Editor/Slate/Fonts/Roboto-BoldCondensed.ttf' (158K)
[2017.09.19-00.56.40:625][388]LogSlate: Took 0.016065 seconds to synchronously load lazily loaded font '../../../Engine/Content/Editor/Slate/Fonts/Roboto-Italic.ttf' (157K)
[2017.09.19-01.06.27:522][562]LogFileHelpers: Editor autosave (incl. sublevels) for '/Game/Maps/StartScreen' took 0.027
[2017.09.19-01.06.27:819][562]OBJ SavePackage: Generating thumbnails for [1] asset(s) in package [/Game/Blueprints/HeroCharacter] ([1] browsable assets)...
[2017.09.19-01.06.27:845][562]OBJ SavePackage:     Rendered thumbnail for [Blueprint /Game/Blueprints/HeroCharacter.HeroCharacter]
[2017.09.19-01.06.27:845][562]OBJ SavePackage: Finished generating thumbnails for package [/Game/Blueprints/HeroCharacter]
[2017.09.19-01.06.27:845][562]Cmd: OBJ SAVEPACKAGE PACKAGE="/Game/Blueprints/HeroCharacter" FILE="../../../../GameDev/_Projects/Unreal/TD_Game/Saved/Autosaves/Game/Blueprints/HeroCharacter_Auto1.uasset" SILENT=false AUTOSAVING=true
[2017.09.19-01.06.27:973][562]LogSavePackage: Save=104.46ms
[2017.09.19-01.06.27:973][562]LogSavePackage: Moving '../../../../GameDev/_Projects/Unreal/TD_Game/Saved/HeroCharacter_Auto18E7CE33A4C64604B00F9E99B16C58AB6.tmp' to '../../../../GameDev/_Projects/Unreal/TD_Game/Saved/Autosaves/Game/Blueprints/HeroCharacter_Auto1.uasset'
[2017.09.19-01.06.27:985][562]LogSavePackage:Display: Finished SavePackage ../../../../GameDev/_Projects/Unreal/TD_Game/Saved/Autosaves/Game/Blueprints/HeroCharacter_Auto1.uasset
[2017.09.19-01.06.27:985][562]LogFileHelpers: Auto-saving content packages took 0.462
[2017.09.19-19.11.42:916][247]LogHttp:Warning: 000001CB8672DF00: request failed, libcurl error: 0 (No error)
[2017.09.19-19.11.42:917][247]LogHttp:Warning: 000001CB8672DF00: libcurl info message cache 0 (Found bundle for host datarouter.ol.epicgames.com: 0x1cba179ffb8 [can pipeline])
[2017.09.19-19.11.42:917][247]LogHttp:Warning: 000001CB8672DF00: libcurl info message cache 1 (Re-using existing connection! (#3) with host datarouter.ol.epicgames.com)
[2017.09.19-19.11.42:917][247]LogHttp:Warning: 000001CB8672DF00: libcurl info message cache 2 (Connected to datarouter.ol.epicgames.com (34.231.11.75) port 443 (#3))
[2017.09.19-19.11.42:917][247]LogHttp:Warning: 000001CB8672DF00: libcurl info message cache 3 (upload completely sent off: 9435 out of 9435 bytes)
[2017.09.19-19.11.42:917][247]LogHttp:Warning: 000001CB8672DF00: libcurl info message cache 4 (Closing connection 3)
[2017.09.19-19.11.42:917][247]LogHttp:Warning: 000001CB8672DF00: libcurl info message cache 5 (TLSv1.2 (OUT), TLS alert, Client hello (1):)
[2017.09.19-19.11.43:762][248]LogRenderer: Reallocating scene render targets to support 1104x680 NumSamples 1 (Frame:1032).
[2017.09.19-20.50.31:445][264]Cmd: OBJ SAVEPACKAGE PACKAGE="/Game/Blueprints/HeroCharacter" FILE="../../../../GameDev/_Projects/Unreal/TD_Game/Content/Blueprints/HeroCharacter.uasset" SILENT=true
[2017.09.19-20.50.31:806][264]LogSavePackage: Save=121.14ms
[2017.09.19-20.50.31:806][264]LogSavePackage: Moving '../../../../GameDev/_Projects/Unreal/TD_Game/Saved/HeroCharacterF5E83E0F48411EE6EE6F0AA1C993D3EA.tmp' to '../../../../GameDev/_Projects/Unreal/TD_Game/Content/Blueprints/HeroCharacter.uasset'
[2017.09.19-20.50.31:811][264]LogSavePackage:Display: Finished SavePackage ../../../../GameDev/_Projects/Unreal/TD_Game/Content/Blueprints/HeroCharacter.uasset
[2017.09.19-20.50.32:146][264]LogWindowsTextInputMethodSystem:Display: IME system now deactivated.
[2017.09.19-20.50.32:405][265]Cmd: QUIT_EDITOR
[2017.09.19-20.50.32:448][265]LogExit: Preparing to exit.
[2017.09.19-20.50.32:867][265]LogDirectoryWatcher: A directory notification for 'D:/GameDev/_Projects/Unreal/TD_Game/Content/' was aborted.
[2017.09.19-20.50.33:010][265]LogExit: Editor shut down
[2017.09.19-20.50.33:045][265]LogExit: Transaction tracking system shut down
[2017.09.19-20.50.33:271][265]LogObj: Freed 0b from 0 cluster array pools.
[2017.09.19-20.50.33:272][265]LogExit: Object subsystem successfully closed.
[2017.09.19-20.50.33:302][265]LogD3D11RHI: Shutdown
[2017.09.19-20.50.33:302][265]LogD3D11RHI: CleanupD3DDevice
[2017.09.19-20.50.33:446][265]LogD3D11RHI: ~FD3D11DynamicRHI
[2017.09.19-20.50.33:457][265]LogModuleManager: Shutting down and abandoning module BlueprintGraph (530)
[2017.09.19-20.50.33:457][265]LogModuleManager: Shutting down and abandoning module BlueprintProfiler (528)
[2017.09.19-20.50.33:457][265]LogModuleManager: Shutting down and abandoning module HierarchicalLODOutliner (526)
[2017.09.19-20.50.33:457][265]LogModuleManager: Shutting down and abandoning module CrashTracker (524)
[2017.09.19-20.50.33:457][265]LogModuleManager: Shutting down and abandoning module AddContentDialog (522)
[2017.09.19-20.50.33:458][265]LogDirectoryWatcher: A directory notification for 'D:/UE_4.16/FeaturePacks/' was aborted.
[2017.09.19-20.50.33:465][265]LogModuleManager: Shutting down and abandoning module WidgetCarousel (521)
[2017.09.19-20.50.33:465][265]LogModuleManager: Shutting down and abandoning module EditorWidgets (518)
[2017.09.19-20.50.33:465][265]LogModuleManager: Shutting down and abandoning module CollectionManager (516)
[2017.09.19-20.50.33:465][265]LogDirectoryWatcher: A directory notification for 'D:/GameDev/_Projects/Unreal/TD_Game/Content/Collections/' was aborted.
[2017.09.19-20.50.33:465][265]LogDirectoryWatcher: A directory notification for 'D:/GameDev/_Projects/Unreal/TD_Game/Content/Developers/Topleftstyll/Collections/' was aborted.
[2017.09.19-20.50.33:465][265]LogDirectoryWatcher: A directory notification for 'D:/GameDev/_Projects/Unreal/TD_Game/Saved/Collections/' was aborted.
[2017.09.19-20.50.33:465][265]LogModuleManager: Shutting down and abandoning module SceneOutliner (514)
[2017.09.19-20.50.33:465][265]LogModuleManager: Shutting down and abandoning module StatsViewer (512)
[2017.09.19-20.50.33:465][265]LogModuleManager: Shutting down and abandoning module FoliageEdit (510)
[2017.09.19-20.50.33:465][265]LogModuleManager: Shutting down and abandoning module LandscapeEditor (508)
[2017.09.19-20.50.33:465][265]LogModuleManager: Shutting down and abandoning module MeshPaintMode (506)
[2017.09.19-20.50.33:465][265]LogModuleManager: Shutting down and abandoning module SceneDepthPickerMode (504)
[2017.09.19-20.50.33:465][265]LogModuleManager: Shutting down and abandoning module ActorPickerMode (502)
[2017.09.19-20.50.33:465][265]LogModuleManager: Shutting down and abandoning module GeometryMode (500)
[2017.09.19-20.50.33:465][265]LogModuleManager: Shutting down and abandoning module TextureAlignMode (498)
[2017.09.19-20.50.33:465][265]LogModuleManager: Shutting down and abandoning module BspMode (496)
[2017.09.19-20.50.33:465][265]LogModuleManager: Shutting down and abandoning module HardwareSurvey (494)
[2017.09.19-20.50.33:465][265]LogModuleManager: Shutting down and abandoning module SequenceRecorderSections (492)
[2017.09.19-20.50.33:465][265]LogModuleManager: Shutting down and abandoning module AutomationWorker (490)
[2017.09.19-20.50.33:465][265]LogModuleManager: Shutting down and abandoning module MatineeToLevelSequence (488)
[2017.09.19-20.50.33:465][265]LogModuleManager: Shutting down and abandoning module LevelSequenceEditor (486)
[2017.09.19-20.50.33:466][265]LogModuleManager: Shutting down and abandoning module PlacementMode (485)
[2017.09.19-20.50.33:466][265]LogModuleManager: Shutting down and abandoning module WmfMediaFactory (482)
[2017.09.19-20.50.33:466][265]LogModuleManager: Shutting down and abandoning module WmfMediaEditor (480)
[2017.09.19-20.50.33:466][265]LogModuleManager: Shutting down and abandoning module AvfMediaFactory (478)
[2017.09.19-20.50.33:466][265]LogModuleManager: Shutting down and abandoning module AvfMediaEditor (476)
[2017.09.19-20.50.33:466][265]LogModuleManager: Shutting down and abandoning module AndroidMediaFactory (474)
[2017.09.19-20.50.33:466][265]LogModuleManager: Shutting down and abandoning module Media (473)
[2017.09.19-20.50.33:466][265]LogModuleManager: Shutting down and abandoning module AndroidMediaEditor (470)
[2017.09.19-20.50.33:466][265]LogModuleManager: Shutting down and abandoning module CharacterAI (468)
[2017.09.19-20.50.33:466][265]LogModuleManager: Shutting down and abandoning module AudioCapture (466)
[2017.09.19-20.50.33:466][265]LogModuleManager: Shutting down and abandoning module SequenceRecorder (465)
[2017.09.19-20.50.33:466][265]LogModuleManager: Shutting down and abandoning module SmartSnapping (462)
[2017.09.19-20.50.33:466][265]LogModuleManager: Shutting down and abandoning module SessionServices (460)
[2017.09.19-20.50.33:466][265]LogModuleManager: Shutting down and abandoning module ViewportSnapping (458)
[2017.09.19-20.50.33:466][265]LogModuleManager: Shutting down and abandoning module ViewportInteraction (456)
[2017.09.19-20.50.33:467][265]LogModuleManager: Shutting down and abandoning module ClothPainter (454)
[2017.09.19-20.50.33:467][265]LogModuleManager: Shutting down and abandoning module LogVisualizer (452)
[2017.09.19-20.50.33:467][265]LogModuleManager: Shutting down and abandoning module IntroTutorials (450)
[2017.09.19-20.50.33:467][265]LogModuleManager: Shutting down and abandoning module GameProjectGeneration (449)
[2017.09.19-20.50.33:467][265]LogModuleManager: Shutting down and abandoning module EditorLiveStreaming (446)
[2017.09.19-20.50.33:467][265]LogModuleManager: Shutting down and abandoning module IOSPlatformEditor (444)
[2017.09.19-20.50.33:467][265]LogModuleManager: Shutting down and abandoning module HTML5PlatformEditor (442)
[2017.09.19-20.50.33:467][265]LogModuleManager: Shutting down and abandoning module AndroidPlatformEditor (440)
[2017.09.19-20.50.33:467][265]LogModuleManager: Shutting down and abandoning module AndroidDeviceDetection (439)
[2017.09.19-20.50.33:868][265]LogModuleManager: Shutting down and abandoning module IOSRuntimeSettings (436)
[2017.09.19-20.50.33:868][265]LogModuleManager: Shutting down and abandoning module AndroidRuntimeSettings (434)
[2017.09.19-20.50.33:868][265]LogModuleManager: Shutting down and abandoning module InputBindingEditor (432)
[2017.09.19-20.50.33:868][265]LogModuleManager: Shutting down and abandoning module MergeActors (430)
[2017.09.19-20.50.33:868][265]LogModuleManager: Shutting down and abandoning module SizeMap (428)
[2017.09.19-20.50.33:868][265]LogModuleManager: Shutting down and abandoning module TreeMap (426)
[2017.09.19-20.50.33:868][265]LogModuleManager: Shutting down and abandoning module ReferenceViewer (424)
[2017.09.19-20.50.33:868][265]LogModuleManager: Shutting down and abandoning module LocalizationDashboard (422)
[2017.09.19-20.50.33:868][265]LogModuleManager: Shutting down and abandoning module LocalizationService (421)
[2017.09.19-20.50.33:868][265]LogModuleManager: Shutting down and abandoning module HardwareTargeting (418)
[2017.09.19-20.50.33:868][265]LogModuleManager: Shutting down and abandoning module DeviceProfileEditor (416)
[2017.09.19-20.50.33:868][265]LogModuleManager: Shutting down and abandoning module UndoHistory (414)
[2017.09.19-20.50.33:868][265]LogModuleManager: Shutting down and abandoning module UserFeedback (412)
[2017.09.19-20.50.33:868][265]LogModuleManager: Shutting down and abandoning module XmlParser (410)
[2017.09.19-20.50.33:868][265]LogModuleManager: Shutting down and abandoning module Blutility (408)
[2017.09.19-20.50.33:868][265]LogModuleManager: Shutting down and abandoning module ProjectSettingsViewer (406)
[2017.09.19-20.50.33:868][265]LogModuleManager: Shutting down and abandoning module ProjectTargetPlatformEditor (405)
[2017.09.19-20.50.33:869][265]LogModuleManager: Shutting down and abandoning module EditorSettingsViewer (402)
[2017.09.19-20.50.33:869][265]LogModuleManager: Shutting down and abandoning module SettingsEditor (400)
[2017.09.19-20.50.33:869][265]LogModuleManager: Shutting down and abandoning module ProjectLauncher (398)
[2017.09.19-20.50.33:869][265]LogModuleManager: Shutting down and abandoning module SessionFrontend (396)
[2017.09.19-20.50.33:869][265]LogModuleManager: Shutting down and abandoning module ProfilerClient (394)
[2017.09.19-20.50.33:869][265]LogModuleManager: Shutting down and abandoning module DeviceManager (392)
[2017.09.19-20.50.33:869][265]LogModuleManager: Shutting down and abandoning module TargetDeviceServices (391)
[2017.09.19-20.50.33:934][265]LogModuleManager: Shutting down and abandoning module AutomationController (388)
[2017.09.19-20.50.33:934][265]LogModuleManager: Shutting down and abandoning module AutomationWindow (386)
[2017.09.19-20.50.33:934][265]LogModuleManager: Shutting down and abandoning module Layers (384)
[2017.09.19-20.50.33:934][265]LogModuleManager: Shutting down and abandoning module ComponentVisualizers (382)
[2017.09.19-20.50.33:934][265]LogModuleManager: Shutting down and abandoning module DetailCustomizations (380)
[2017.09.19-20.50.33:934][265]LogModuleManager: Shutting down and abandoning module PackagesDialog (378)
[2017.09.19-20.50.33:935][265]LogModuleManager: Shutting down and abandoning module Persona (376)
[2017.09.19-20.50.33:935][265]LogModuleManager: Shutting down and abandoning module AdvancedPreviewScene (375)
[2017.09.19-20.50.33:935][265]LogModuleManager: Shutting down and abandoning module AnimGraph (373)
[2017.09.19-20.50.33:935][265]LogModuleManager: Shutting down and abandoning module Kismet (370)
[2017.09.19-20.50.33:946][265]LogModuleManager: Shutting down and abandoning module ClassViewer (368)
[2017.09.19-20.50.33:946][265]LogModuleManager: Shutting down and abandoning module Toolbox (366)
[2017.09.19-20.50.33:946][265]LogModuleManager: Shutting down and abandoning module ModuleUI (364)
[2017.09.19-20.50.33:946][265]LogModuleManager: Shutting down and abandoning module MovieSceneTools (362)
[2017.09.19-20.50.33:946][265]LogModuleManager: Shutting down and abandoning module OutputLog (360)
[2017.09.19-20.50.33:946][265]LogModuleManager: Shutting down and abandoning module GammaUI (358)
[2017.09.19-20.50.33:946][265]LogModuleManager: Shutting down and abandoning module Documentation (356)
[2017.09.19-20.50.33:946][265]LogModuleManager: Shutting down and abandoning module MovieSceneTracks (354)
[2017.09.19-20.50.33:946][265]LogModuleManager: Shutting down and abandoning module MovieScene (352)
[2017.09.19-20.50.33:946][265]LogModuleManager: Shutting down and abandoning module Niagara (350)
[2017.09.19-20.50.33:946][265]LogModuleManager: Shutting down and abandoning module NiagaraEditor (349)
[2017.09.19-20.50.33:946][265]LogModuleManager: Shutting down and abandoning module StreamingPauseRendering (346)
[2017.09.19-20.50.33:946][265]LogModuleManager: Shutting down and abandoning module AnalyticsET (344)
[2017.09.19-20.50.33:946][265]LogModuleManager: Shutting down and abandoning module PortalServices (342)
[2017.09.19-20.50.33:946][265]LogModuleManager: Shutting down and abandoning module PortalRpc (340)
[2017.09.19-20.50.33:946][265]LogModuleManager: Shutting down and abandoning module MessagingRpc (338)
[2017.09.19-20.50.33:946][265]LogModuleManager: Shutting down and abandoning module AIModule (336)
[2017.09.19-20.50.33:946][265]LogModuleManager: Shutting down and abandoning module GameplayDebugger (335)
[2017.09.19-20.50.33:946][265]LogModuleManager: Shutting down and abandoning module AITestSuite (333)
[2017.09.19-20.50.33:946][265]LogModuleManager: Shutting down and abandoning module ProfilerService (330)
[2017.09.19-20.50.33:973][265]LogModuleManager: Shutting down and abandoning module TaskGraph (328)
[2017.09.19-20.50.33:973][265]LogModuleManager: Shutting down and abandoning module SteamVRController (326)
[2017.09.19-20.50.33:973][265]LogModuleManager: Shutting down and abandoning module SteamVR (324)
[2017.09.19-20.50.33:973][265]LogModuleManager: Shutting down and abandoning module ProceduralMeshComponentEditor (322)
[2017.09.19-20.50.33:973][265]LogModuleManager: Shutting down and abandoning module ProceduralMeshComponent (320)
[2017.09.19-20.50.33:973][265]LogModuleManager: Shutting down and abandoning module OculusLibrary (318)
[2017.09.19-20.50.33:973][265]LogModuleManager: Shutting down and abandoning module OculusInput (316)
[2017.09.19-20.50.33:973][265]LogModuleManager: Shutting down and abandoning module MobilePatchingUtils (314)
[2017.09.19-20.50.33:973][265]LogModuleManager: Shutting down and abandoning module CustomMeshComponent (312)
[2017.09.19-20.50.33:973][265]LogModuleManager: Shutting down and abandoning module CableComponent (310)
[2017.09.19-20.50.33:973][265]LogModuleManager: Shutting down and abandoning module ArchVisCharacter (308)
[2017.09.19-20.50.33:973][265]LogModuleManager: Shutting down and abandoning module AndroidPermission (306)
[2017.09.19-20.50.33:973][265]LogModuleManager: Shutting down and abandoning module MediaPlayerEditor (302)
[2017.09.19-20.50.33:973][265]LogModuleManager: Shutting down and abandoning module HTML5Networking (300)
[2017.09.19-20.50.33:973][265]LogModuleManager: Shutting down and abandoning module AlembicImporter (298)
[2017.09.19-20.50.33:973][265]LogModuleManager: Shutting down and abandoning module AlembicLibrary (297)
[2017.09.19-20.50.33:973][265]LogModuleManager: Shutting down and abandoning module GeometryCache (296)
[2017.09.19-20.50.33:973][265]LogModuleManager: Shutting down and abandoning module GeometryCacheEd (295)
[2017.09.19-20.50.33:973][265]LogModuleManager: Shutting down and abandoning module SuperSearchEditor (290)
[2017.09.19-20.50.33:973][265]LogModuleManager: Shutting down and abandoning module SuperSearch (289)
[2017.09.19-20.50.33:973][265]LogModuleManager: Shutting down and abandoning module SpeedTreeImporter (286)
[2017.09.19-20.50.33:973][265]LogModuleManager: Shutting down and abandoning module PluginBrowser (284)
[2017.09.19-20.50.33:974][265]LogModuleManager: Shutting down and abandoning module MobileLauncherProfileWizard (282)
[2017.09.19-20.50.33:974][265]LogModuleManager: Shutting down and abandoning module VisualStudioSourceCodeAccess (280)
[2017.09.19-20.50.33:974][265]LogModuleManager: Shutting down and abandoning module DesktopPlatform (279)
[2017.09.19-20.50.33:974][265]LogModuleManager: Shutting down and abandoning module UObjectPlugin (276)
[2017.09.19-20.50.33:974][265]LogModuleManager: Shutting down and abandoning module SubversionSourceControl (274)
[2017.09.19-20.50.33:974][265]LogModuleManager: Shutting down and abandoning module PerforceSourceControl (272)
[2017.09.19-20.50.33:974][265]LogModuleManager: Shutting down and abandoning module GitSourceControl (270)
[2017.09.19-20.50.33:974][265]LogModuleManager: Shutting down and abandoning module SourceControl (269)
[2017.09.19-20.50.33:974][265]LogModuleManager: Shutting down and abandoning module LightPropagationVolumeEditor (266)
[2017.09.19-20.50.33:974][265]LogModuleManager: Shutting down and abandoning module PaperTiledImporter (264)
[2017.09.19-20.50.33:974][265]LogModuleManager: Shutting down and abandoning module PaperSpriteSheetImporter (262)
[2017.09.19-20.50.33:974][265]LogModuleManager: Shutting down and abandoning module Paper2DEditor (260)
[2017.09.19-20.50.33:974][265]LogModuleManager: Shutting down and abandoning module MeshPaint (259)
[2017.09.19-20.50.33:974][265]LogModuleManager: Shutting down and abandoning module LevelEditor (257)
[2017.09.19-20.50.33:975][265]LogModuleManager: Shutting down and abandoning module PixelInspectorModule (256)
[2017.09.19-20.50.33:975][265]LogModuleManager: Shutting down and abandoning module MainFrame (254)
[2017.09.19-20.50.33:975][265]LogModuleManager: Shutting down and abandoning module HotReload (253)
[2017.09.19-20.50.33:975][265]LogDirectoryWatcher: A directory notification for 'D:/GameDev/_Projects/Unreal/TD_Game/Binaries/Win64' was aborted.
[2017.09.19-20.50.33:976][265]LogModuleManager: Shutting down and abandoning module TD_Game (248)
[2017.09.19-20.50.33:976][265]LogModuleManager: Shutting down and abandoning module PhysXVehiclesEditor (246)
[2017.09.19-20.50.33:976][265]LogModuleManager: Shutting down and abandoning module PhysXVehicles (244)
[2017.09.19-20.50.33:976][265]LogModuleManager: Shutting down and abandoning module LocationServicesBPLibrary (242)
[2017.09.19-20.50.33:976][265]LogModuleManager: Shutting down and abandoning module ImmediatePhysicsEditor (240)
[2017.09.19-20.50.33:976][265]LogModuleManager: Shutting down and abandoning module ImmediatePhysics (238)
[2017.09.19-20.50.33:976][265]LogModuleManager: Shutting down and abandoning module UdpMessaging (236)
[2017.09.19-20.50.34:076][265]LogModuleManager: Shutting down and abandoning module TcpMessaging (234)
[2017.09.19-20.50.34:177][265]LogModuleManager: Shutting down and abandoning module GameplayTagsEditor (232)
[2017.09.19-20.50.34:177][265]LogModuleManager: Shutting down and abandoning module FacialAnimationEditor (230)
[2017.09.19-20.50.34:177][265]LogModuleManager: Shutting down and abandoning module FacialAnimation (228)
[2017.09.19-20.50.34:177][265]LogModuleManager: Shutting down and abandoning module AssetManagerEditor (226)
[2017.09.19-20.50.34:177][265]LogModuleManager: Shutting down and abandoning module GraphEditor (225)
[2017.09.19-20.50.34:177][265]LogModuleManager: Shutting down and abandoning module ContentBrowser (223)
[2017.09.19-20.50.34:179][265]LogModuleManager: Shutting down and abandoning module LightPropagationVolumeRuntime (220)
[2017.09.19-20.50.34:179][265]LogModuleManager: Shutting down and abandoning module Paper2D (218)
[2017.09.19-20.50.34:179][265]LogModuleManager: Shutting down and abandoning module WindowsMoviePlayer (216)
[2017.09.19-20.50.34:179][265]LogModuleManager: Shutting down and abandoning module WmfMedia (214)
[2017.09.19-20.50.34:180][265]LogModuleManager: Shutting down and abandoning module ClothingSystemEditor (212)
[2017.09.19-20.50.34:180][265]LogModuleManager: Shutting down and abandoning module ClothingSystemRuntime (210)
[2017.09.19-20.50.34:180][265]LogModuleManager: Shutting down and abandoning module MediaAssets (208)
[2017.09.19-20.50.34:180][265]LogModuleManager: Shutting down and abandoning module GameLiveStreaming (206)
[2017.09.19-20.50.34:180][265]LogModuleManager: Shutting down and abandoning module VREditor (204)
[2017.09.19-20.50.34:180][265]LogModuleManager: Shutting down and abandoning module StringTableEditor (202)
[2017.09.19-20.50.34:180][265]LogModuleManager: Shutting down and abandoning module GameplayTasksEditor (200)
[2017.09.19-20.50.34:180][265]LogModuleManager: Shutting down and abandoning module BehaviorTreeEditor (198)
[2017.09.19-20.50.34:180][265]LogModuleManager: Shutting down and abandoning module FunctionalTesting (196)
[2017.09.19-20.50.34:180][265]LogModuleManager: Shutting down and abandoning module CollisionAnalyzer (194)
[2017.09.19-20.50.34:180][265]LogModuleManager: Shutting down and abandoning module UMG (192)
[2017.09.19-20.50.34:180][265]LogModuleManager: Shutting down and abandoning module UMGEditor (191)
[2017.09.19-20.50.34:180][265]LogModuleManager: Shutting down and abandoning module Sequencer (190)
[2017.09.19-20.50.34:180][265]LogModuleManager: Shutting down and abandoning module AssetTools (188)
[2017.09.19-20.50.34:180][265]LogModuleManager: Shutting down and abandoning module MessageLog (187)
[2017.09.19-20.50.34:180][265]LogModuleManager: Shutting down and abandoning module WorkspaceMenuStructure (186)
[2017.09.19-20.50.34:180][265]LogModuleManager: Shutting down and abandoning module SlateReflector (180)
[2017.09.19-20.50.34:180][265]LogModuleManager: Shutting down and abandoning module Slate (178)
[2017.09.19-20.50.34:180][265]LogModuleManager: Shutting down and abandoning module EditorStyle (176)
[2017.09.19-20.50.34:183][265]LogModuleManager: Shutting down and abandoning module SourceCodeAccess (174)
[2017.09.19-20.50.34:183][265]LogModuleManager: Shutting down and abandoning module HeadMountedDisplay (172)
[2017.09.19-20.50.34:183][265]LogModuleManager: Shutting down and abandoning module XAudio2 (170)
[2017.09.19-20.50.34:183][265]LogModuleManager: Shutting down and abandoning module Networking (168)
[2017.09.19-20.50.34:183][265]LogModuleManager: Shutting down and abandoning module Core (164)
[2017.09.19-20.50.34:183][265]LogModuleManager: Shutting down and abandoning module AssetRegistry (162)
[2017.09.19-20.50.34:300][265]LogDirectoryWatcher: A directory notification for '../../../Engine/Content/' was aborted.
[2017.09.19-20.50.34:300][265]LogDirectoryWatcher: A directory notification for '../../../../GameDev/_Projects/Unreal/TD_Game/Content/' was aborted.
[2017.09.19-20.50.34:300][265]LogDirectoryWatcher: A directory notification for '../../../Engine/Plugins/2D/Paper2D/Content/' was aborted.
[2017.09.19-20.50.34:300][265]LogDirectoryWatcher: A directory notification for '../../../Engine/Plugins/Runtime/GearVR/Content/' was aborted.
[2017.09.19-20.50.34:305][265]LogModuleManager: Shutting down and abandoning module DirectoryWatcher (161)
[2017.09.19-20.50.34:314][265]LogModuleManager: Shutting down and abandoning module KismetCompiler (158)
[2017.09.19-20.50.34:314][265]LogModuleManager: Shutting down and abandoning module LevelSequence (156)
[2017.09.19-20.50.34:314][265]LogModuleManager: Shutting down and abandoning module PhysXFormats (154)
[2017.09.19-20.50.34:314][265]LogModuleManager: Shutting down and abandoning module MeshUtilities (152)
[2017.09.19-20.50.34:314][265]LogModuleManager: Shutting down and abandoning module SimplygonSwarm (151)
[2017.09.19-20.50.34:314][265]LogModuleManager: Shutting down and abandoning module SimplygonMeshReduction (149)
[2017.09.19-20.50.34:314][265]LogModuleManager: Shutting down and abandoning module QuadricMeshReduction (147)
[2017.09.19-20.50.34:314][265]LogModuleManager: Shutting down and abandoning module DerivedDataCache (144)
[2017.09.19-20.50.34:401][265]LogDerivedDataCache: Shutdown
[2017.09.19-20.50.34:401][265]LogModuleManager: Shutting down and abandoning module TargetPlatform (142)
[2017.09.19-20.50.34:401][265]LogModuleManager: Shutting down and abandoning module VulkanShaderFormat (141)
[2017.09.19-20.50.34:401][265]LogModuleManager: Shutting down and abandoning module ShaderFormatVectorVM (139)
[2017.09.19-20.50.34:401][265]LogModuleManager: Shutting down and abandoning module ShaderFormatOpenGL (137)
[2017.09.19-20.50.34:402][265]LogModuleManager: Shutting down and abandoning module ShaderFormatD3D (135)
[2017.09.19-20.50.34:402][265]LogModuleManager: Shutting down and abandoning module MetalShaderFormat (133)
[2017.09.19-20.50.34:402][265]LogModuleManager: Shutting down and abandoning module TextureFormatUncompressed (131)
[2017.09.19-20.50.34:402][265]LogModuleManager: Shutting down and abandoning module TextureFormatPVR (129)
[2017.09.19-20.50.34:402][265]LogModuleManager: Shutting down and abandoning module TextureFormatDXT (127)
[2017.09.19-20.50.34:402][265]LogModuleManager: Shutting down and abandoning module TextureFormatIntelISPCTexComp (125)
[2017.09.19-20.50.34:402][265]LogModuleManager: Shutting down and abandoning module TextureFormatASTC (123)
[2017.09.19-20.50.34:402][265]LogModuleManager: Shutting down and abandoning module ImageWrapper (122)
[2017.09.19-20.50.34:402][265]LogModuleManager: Shutting down and abandoning module TextureFormatAndroid (119)
[2017.09.19-20.50.34:402][265]LogModuleManager: Shutting down and abandoning module AudioFormatOpus (117)
[2017.09.19-20.50.34:402][265]LogModuleManager: Shutting down and abandoning module AudioFormatOgg (115)
[2017.09.19-20.50.34:402][265]LogModuleManager: Shutting down and abandoning module AudioFormatADPCM (113)
[2017.09.19-20.50.34:402][265]LogModuleManager: Shutting down and abandoning module LinuxTargetPlatform (111)
[2017.09.19-20.50.34:402][265]LogModuleManager: Shutting down and abandoning module LinuxServerTargetPlatform (109)
[2017.09.19-20.50.34:402][265]LogModuleManager: Shutting down and abandoning module LinuxNoEditorTargetPlatform (107)
[2017.09.19-20.50.34:402][265]LogModuleManager: Shutting down and abandoning module LinuxClientTargetPlatform (105)
[2017.09.19-20.50.34:402][265]LogModuleManager: Shutting down and abandoning module TVOSTargetPlatform (103)
[2017.09.19-20.50.34:402][265]LogModuleManager: Shutting down and abandoning module Messaging (101)
[2017.09.19-20.50.34:402][265]LogModuleManager: Shutting down and abandoning module IOSTargetPlatform (99)
[2017.09.19-20.50.34:402][265]LogModuleManager: Shutting down and abandoning module HTML5TargetPlatform (97)
[2017.09.19-20.50.34:402][265]LogModuleManager: Shutting down and abandoning module Android_PVRTCTargetPlatform (95)
[2017.09.19-20.50.34:402][265]LogModuleManager: Shutting down and abandoning module Android_MultiTargetPlatform (93)
[2017.09.19-20.50.34:402][265]LogModuleManager: Shutting down and abandoning module Android_ETC2TargetPlatform (91)
[2017.09.19-20.50.34:402][265]LogModuleManager: Shutting down and abandoning module Android_ETC1TargetPlatform (89)
[2017.09.19-20.50.34:402][265]LogModuleManager: Shutting down and abandoning module Android_DXTTargetPlatform (87)
[2017.09.19-20.50.34:402][265]LogModuleManager: Shutting down and abandoning module Android_ATCTargetPlatform (85)
[2017.09.19-20.50.34:402][265]LogModuleManager: Shutting down and abandoning module Android_ASTCTargetPlatform (83)
[2017.09.19-20.50.34:402][265]LogModuleManager: Shutting down and abandoning module AndroidTargetPlatform (81)
[2017.09.19-20.50.34:402][265]LogModuleManager: Shutting down and abandoning module WindowsTargetPlatform (79)
[2017.09.19-20.50.34:402][265]LogModuleManager: Shutting down and abandoning module WindowsServerTargetPlatform (77)
[2017.09.19-20.50.34:402][265]LogModuleManager: Shutting down and abandoning module WindowsNoEditorTargetPlatform (75)
[2017.09.19-20.50.34:402][265]LogModuleManager: Shutting down and abandoning module WindowsClientTargetPlatform (73)
[2017.09.19-20.50.34:402][265]LogModuleManager: Shutting down and abandoning module MacTargetPlatform (71)
[2017.09.19-20.50.34:402][265]LogModuleManager: Shutting down and abandoning module MacServerTargetPlatform (69)
[2017.09.19-20.50.34:403][265]LogModuleManager: Shutting down and abandoning module MacNoEditorTargetPlatform (67)
[2017.09.19-20.50.34:403][265]LogModuleManager: Shutting down and abandoning module MacClientTargetPlatform (65)
[2017.09.19-20.50.34:403][265]LogModuleManager: Shutting down and abandoning module AllDesktopTargetPlatform (63)
[2017.09.19-20.50.34:403][265]LogModuleManager: Shutting down and abandoning module InputCore (60)
[2017.09.19-20.50.34:403][265]LogModuleManager: Shutting down and abandoning module Settings (58)
[2017.09.19-20.50.34:403][265]LogModuleManager: Shutting down and abandoning module OculusRift (56)
[2017.09.19-20.50.34:403][265]LogModuleManager: Shutting down and abandoning module GearVRController (54)
[2017.09.19-20.50.34:403][265]LogModuleManager: Shutting down and abandoning module GearVR (52)
[2017.09.19-20.50.34:403][265]LogModuleManager: Shutting down and abandoning module ExampleDeviceProfileSelector (50)
[2017.09.19-20.50.34:403][265]LogModuleManager: Shutting down and abandoning module OnlineBlueprintSupport (48)
[2017.09.19-20.50.34:403][265]LogModuleManager: Shutting down and abandoning module OnlineSubsystem (44)
[2017.09.19-20.50.34:403][265]LogOnline:Display: Unloading online subsystem: NULL
[2017.09.19-20.50.34:403][265]LogModuleManager: Shutting down and abandoning module XMPP (43)
[2017.09.19-20.50.34:403][265]LogModuleManager: Shutting down and abandoning module HTTP (41)
[2017.09.19-20.50.34:403][265]LogHttp:Display: Http module shutting down, but needs to wait on 1 outstanding Http requests:
[2017.09.19-20.50.34:403][265]LogHttp:Display: 	verb=[POST] url=[https://datarouter.ol.epicgames.com/datarouter/api/v1/public/data?SessionID=%7BB031DA50-4B12-F234-0936-2B8DA76719A7%7D&AppID=UEEditor.Rocket.Release&AppVersion=4.16.2-3514769%2B%2B%2BUE4%2BRelease-4.16&UserID=01e034b24ea554f31b8dd38771eabe77%7C931f564908014216910d37ab090cfd59%7C3a719b7d-6773-4c0f-b8cb-fc5d9d6955e9&AppEnvironment=datacollector-binary&UploadType=eteventstream] status=Processing
[2017.09.19-20.50.34:410][265]LogModuleManager: Shutting down and abandoning module SSL (40)
[2017.09.19-20.50.34:412][265]LogModuleManager: Shutting down and abandoning module HTTPChunkInstaller (36)
[2017.09.19-20.50.34:412][265]LogModuleManager: Shutting down and abandoning module AnimationModifiers (34)
[2017.09.19-20.50.34:412][265]LogModuleManager: Shutting down and abandoning module PropertyEditor (33)
[2017.09.19-20.50.34:412][265]LogModuleManager: Shutting down and abandoning module AudioEditor (30)
[2017.09.19-20.50.34:412][265]LogModuleManager: Shutting down and abandoning module TextureCompressor (28)
[2017.09.19-20.50.34:412][265]LogModuleManager: Shutting down and abandoning module ShaderCore (26)
[2017.09.19-20.50.34:412][265]LogModuleManager: Shutting down and abandoning module Landscape (24)
[2017.09.19-20.50.34:412][265]LogModuleManager: Shutting down and abandoning module SlateRHIRenderer (22)
[2017.09.19-20.50.34:417][265]LogModuleManager: Shutting down and abandoning module OpenGLDrv (20)
[2017.09.19-20.50.34:417][265]LogModuleManager: Shutting down and abandoning module D3D11RHI (18)
[2017.09.19-20.50.34:417][265]LogModuleManager: Shutting down and abandoning module AnimGraphRuntime (16)
[2017.09.19-20.50.34:417][265]LogModuleManager: Shutting down and abandoning module Renderer (14)
[2017.09.19-20.50.34:417][265]LogModuleManager: Shutting down and abandoning module Engine (12)
[2017.09.19-20.50.34:417][265]LogModuleManager: Shutting down and abandoning module CoreUObject (10)
[2017.09.19-20.50.34:417][265]LogModuleManager: Shutting down and abandoning module NetworkFile (8)
[2017.09.19-20.50.34:417][265]LogModuleManager: Shutting down and abandoning module StreamingFile (6)
[2017.09.19-20.50.34:417][265]LogModuleManager: Shutting down and abandoning module SandboxFile (4)
[2017.09.19-20.50.34:417][265]LogModuleManager: Shutting down and abandoning module PakFile (2)
[2017.09.19-20.50.34:419][265]LogExit: Exiting.
[2017.09.19-20.50.34:441][265]Log file closed, 09/19/17 16:50:34
